Building DAG of jobs...
Using shell: /bin/bash
Provided cores: 8
Rules claiming more threads will be scaled down.
Job stats:
job          count    min threads    max threads
---------  -------  -------------  -------------
align            1              1              1
ancestral        1              1              1
export           1              1              1
refine           1              1              1
traits           1              1              1
translate        1              1              1
tree             1              1              1
total            7              1              1

Select jobs to execute...

[Wed Mar 16 14:30:39 2022]
Job 3: 
        Aligning sequences to config/reference.gb
          - filling gaps with N
        

[Wed Mar 16 14:30:49 2022]
Finished job 3.
1 of 7 steps (14%) done
Select jobs to execute...

[Wed Mar 16 14:30:49 2022]
Job 2: Building tree

[Wed Mar 16 14:30:50 2022]
Finished job 2.
2 of 7 steps (29%) done
Select jobs to execute...

[Wed Mar 16 14:30:50 2022]
Job 1: 
        Refining tree
          - estimate timetree
          - use opt coalescent timescale
          - estimate marginal node dates
          - filter tips more than 4 IQDs from clock expectation
        

[Wed Mar 16 14:30:58 2022]
Finished job 1.
3 of 7 steps (43%) done
Select jobs to execute...

[Wed Mar 16 14:30:58 2022]
Job 6: Reconstructing ancestral sequences and mutations


[Wed Mar 16 14:30:58 2022]
Job 5: Inferring ancestral traits for country state

[Wed Mar 16 14:31:00 2022]
Error in rule traits:
    jobid: 5
    output: results/traits.json
    shell:
        
        augur traits             --tree results/tree.nwk             --metadata data/metadata.tsv             --output-node-data results/traits.json             --columns country state             --confidence
        
        (one of the commands exited with non-zero exit code; note that snakemake uses bash strict mode!)

[Wed Mar 16 14:31:00 2022]
Finished job 6.
4 of 7 steps (57%) done
Shutting down, this might take some time.
Exiting because a job execution failed. Look above for error message
Complete log: /Users/user/Programming Directory/Grubaugh Lab/WNV-nextstrain/.snakemake/log/2022-03-16T143039.576631.snakemake.log
