Building DAG of jobs...
Using shell: /bin/bash
Provided cores: 8
Rules claiming more threads will be scaled down.
Job stats:
job       count    min threads    max threads
------  -------  -------------  -------------
clades        1              1              1
export        1              1              1
total         2              1              1

Select jobs to execute...

[Wed Mar 23 00:38:37 2022]
Job 8:  Labeling clades as specified in config/clades.tsv

[Wed Mar 23 00:38:39 2022]
Finished job 8.
1 of 2 steps (50%) done
Select jobs to execute...

[Wed Mar 23 00:38:39 2022]
Job 0: Exporting data files for for auspice

[Wed Mar 23 00:38:40 2022]
Finished job 0.
2 of 2 steps (100%) done
Complete log: /Users/user/Programming Directory/Grubaugh Lab/WNV-nextstrain/.snakemake/log/2022-03-23T003837.618218.snakemake.log
