Building DAG of jobs...
Using shell: /bin/bash
Provided cores: 8
Rules claiming more threads will be scaled down.
Job stats:
job          count    min threads    max threads
---------  -------  -------------  -------------
align            1              1              1
ancestral        1              1              1
export           1              1              1
refine           1              1              1
traits           1              1              1
translate        1              1              1
tree             1              1              1
total            7              1              1

Select jobs to execute...

[Thu Mar 17 00:06:36 2022]
Job 3: 
        Aligning sequences to config/reference.gb
          - filling gaps with N
        

[Thu Mar 17 00:12:00 2022]
Finished job 3.
1 of 7 steps (14%) done
Select jobs to execute...

[Thu Mar 17 00:12:00 2022]
Job 2: Building tree

[Thu Mar 17 00:14:02 2022]
Finished job 2.
2 of 7 steps (29%) done
Select jobs to execute...

[Thu Mar 17 00:14:02 2022]
Job 1: 
        Refining tree
          - estimate timetree
          - use opt coalescent timescale
          - estimate marginal node dates
          - filter tips more than 4 IQDs from clock expectation
        

[Thu Mar 17 00:21:09 2022]
Finished job 1.
3 of 7 steps (43%) done
Select jobs to execute...

[Thu Mar 17 00:21:10 2022]
Job 6: Reconstructing ancestral sequences and mutations


[Thu Mar 17 00:21:10 2022]
Job 5: Inferring ancestral traits for country state region

[Thu Mar 17 00:21:39 2022]
Finished job 6.
4 of 7 steps (57%) done
Select jobs to execute...

[Thu Mar 17 00:21:39 2022]
Job 7: Translating amino acid sequences

[Thu Mar 17 00:21:40 2022]
Finished job 5.
5 of 7 steps (71%) done
[Thu Mar 17 00:21:42 2022]
Finished job 7.
6 of 7 steps (86%) done
Select jobs to execute...

[Thu Mar 17 00:21:42 2022]
Job 0: Exporting data files for for auspice

[Thu Mar 17 00:21:44 2022]
Finished job 0.
7 of 7 steps (100%) done
Complete log: /Users/user/Programming Directory/Grubaugh Lab/WNV-nextstrain/.snakemake/log/2022-03-17T000636.602872.snakemake.log
