Building DAG of jobs...
Using shell: /bin/bash
Provided cores: 8
Rules claiming more threads will be scaled down.
Job stats:
job          count    min threads    max threads
---------  -------  -------------  -------------
align            1              1              1
ancestral        1              1              1
clades           1              1              1
export           1              1              1
refine           1              1              1
traits           1              1              1
translate        1              1              1
tree             1              1              1
total            8              1              1

Select jobs to execute...

[Fri Oct 21 16:31:57 2022]
Job 3: 
        Aligning sequences to config/reference.gb
          - filling gaps with N
        
Reason: Updated input files: data/sequences.fasta

Terminating processes on user request, this might take some time.
[Fri Oct 21 16:32:07 2022]
Error in rule align:
    jobid: 3
    output: results/aligned.fasta
    shell:
        
        augur align             --sequences data/sequences.fasta             --reference-sequence config/reference.gb             --output results/aligned.fasta             --fill-gaps
        
        (one of the commands exited with non-zero exit code; note that snakemake uses bash strict mode!)

Complete log: .snakemake/log/2022-10-21T163157.205212.snakemake.log
