Building DAG of jobs...
Using shell: /bin/bash
Provided cores: 8
Rules claiming more threads will be scaled down.
Job stats:
job          count    min threads    max threads
---------  -------  -------------  -------------
align            1              1              1
all              1              1              1
ancestral        1              1              1
export           1              1              1
filter           1              1              1
refine           1              1              1
traits           1              1              1
translate        1              1              1
tree             1              1              1
total            9              1              1

Select jobs to execute...

[Mon Jan 31 12:37:00 2022]
Job 5: 
        Filtering to
          - 20 sequence(s) per country year month
          - from 1900 onwards
          - excluding strains in config/dropped_strains.txt
        

[Mon Jan 31 12:37:01 2022]
Finished job 5.
1 of 9 steps (11%) done
Select jobs to execute...

[Mon Jan 31 12:37:01 2022]
Job 4: 
        Aligning sequences to config/reference.gb
          - filling gaps with N
        

[Mon Jan 31 12:38:23 2022]
Finished job 4.
2 of 9 steps (22%) done
Select jobs to execute...

[Mon Jan 31 12:38:23 2022]
Job 3: Building tree

[Mon Jan 31 12:38:38 2022]
Finished job 3.
3 of 9 steps (33%) done
Select jobs to execute...

[Mon Jan 31 12:38:38 2022]
Job 2: 
        Refining tree
          - estimate timetree
          - use opt coalescent timescale
          - estimate marginal node dates
          - filter tips more than 4 IQDs from clock expectation
        

[Mon Jan 31 12:44:35 2022]
Finished job 2.
4 of 9 steps (44%) done
Select jobs to execute...

[Mon Jan 31 12:44:36 2022]
Job 6: Inferring ancestral traits for country state


[Mon Jan 31 12:44:36 2022]
Job 7: Reconstructing ancestral sequences and mutations

[Mon Jan 31 12:44:58 2022]
Finished job 7.
5 of 9 steps (56%) done
Select jobs to execute...

[Mon Jan 31 12:44:58 2022]
Job 8: Translating amino acid sequences

[Mon Jan 31 12:45:00 2022]
Finished job 6.
6 of 9 steps (67%) done
[Mon Jan 31 12:45:05 2022]
Finished job 8.
7 of 9 steps (78%) done
Select jobs to execute...

[Mon Jan 31 12:45:05 2022]
Job 1: Exporting data files for for auspice

[Mon Jan 31 12:45:06 2022]
Finished job 1.
8 of 9 steps (89%) done
Select jobs to execute...

[Mon Jan 31 12:45:06 2022]
localrule all:
    input: auspice/WNV-Global.json
    jobid: 0
    resources: tmpdir=/var/folders/ll/m20yk3l572l90z0g991n_jt80000gn/T

[Mon Jan 31 12:45:06 2022]
Finished job 0.
9 of 9 steps (100%) done
Complete log: /Users/user/Programming Directory/Grubaugh Lab/WNV-nextstrain/.snakemake/log/2022-01-31T123700.039431.snakemake.log
