Building DAG of jobs...
Using shell: /bin/bash
Provided cores: 8
Rules claiming more threads will be scaled down.
Job stats:
job          count    min threads    max threads
---------  -------  -------------  -------------
align            1              1              1
ancestral        1              1              1
export           1              1              1
refine           1              1              1
traits           1              1              1
translate        1              1              1
tree             1              1              1
total            7              1              1

Select jobs to execute...

[Wed Mar 16 23:19:45 2022]
Job 3: 
        Aligning sequences to config/reference.gb
          - filling gaps with N
        

[Wed Mar 16 23:24:43 2022]
Finished job 3.
1 of 7 steps (14%) done
Select jobs to execute...

[Wed Mar 16 23:24:43 2022]
Job 2: Building tree

[Wed Mar 16 23:26:46 2022]
Finished job 2.
2 of 7 steps (29%) done
Select jobs to execute...

[Wed Mar 16 23:26:46 2022]
Job 1: 
        Refining tree
          - estimate timetree
          - use opt coalescent timescale
          - estimate marginal node dates
          - filter tips more than 4 IQDs from clock expectation
        

[Wed Mar 16 23:33:46 2022]
Finished job 1.
3 of 7 steps (43%) done
Select jobs to execute...

[Wed Mar 16 23:33:46 2022]
Job 6: Reconstructing ancestral sequences and mutations


[Wed Mar 16 23:33:46 2022]
Job 5: Inferring ancestral traits for country state region

[Wed Mar 16 23:34:13 2022]
Finished job 5.
4 of 7 steps (57%) done
[Wed Mar 16 23:34:14 2022]
Finished job 6.
5 of 7 steps (71%) done
Select jobs to execute...

[Wed Mar 16 23:34:14 2022]
Job 7: Translating amino acid sequences

[Wed Mar 16 23:34:17 2022]
Finished job 7.
6 of 7 steps (86%) done
Select jobs to execute...

[Wed Mar 16 23:34:17 2022]
Job 0: Exporting data files for for auspice

[Wed Mar 16 23:34:19 2022]
Finished job 0.
7 of 7 steps (100%) done
Complete log: /Users/user/Programming Directory/Grubaugh Lab/WNV-nextstrain/.snakemake/log/2022-03-16T231945.497655.snakemake.log
