Building DAG of jobs...
Using shell: /bin/bash
Provided cores: 8
Rules claiming more threads will be scaled down.
Job stats:
job          count    min threads    max threads
---------  -------  -------------  -------------
align            1              1              1
ancestral        1              1              1
clades           1              1              1
export           1              1              1
refine           1              1              1
traits           1              1              1
translate        1              1              1
tree             1              1              1
total            8              1              1

Select jobs to execute...

[Mon Oct 24 12:06:07 2022]
Job 3: 
        Aligning sequences to config/reference.gb
          - filling gaps with N
        
Reason: Updated input files: data/sequences.fasta

[Mon Oct 24 12:11:11 2022]
Finished job 3.
1 of 8 steps (12%) done
Select jobs to execute...

[Mon Oct 24 12:11:11 2022]
Job 2: Building tree
Reason: Input files updated by another job: results/aligned.fasta

[Mon Oct 24 12:12:48 2022]
Finished job 2.
2 of 8 steps (25%) done
Select jobs to execute...

[Mon Oct 24 12:12:48 2022]
Job 1: 
        Refining tree
          - estimate timetree
          - use opt coalescent timescale
          - estimate marginal node dates
          - filter tips more than 100 IQDs from clock expectation
        
Reason: Input files updated by another job: results/tree_raw.nwk, results/aligned.fasta

[Mon Oct 24 12:19:15 2022]
Finished job 1.
3 of 8 steps (38%) done
Select jobs to execute...

[Mon Oct 24 12:19:15 2022]
Job 4: Inferring ancestral traits for country continent region
Reason: Input files updated by another job: results/tree.nwk


[Mon Oct 24 12:19:15 2022]
Job 5: Reconstructing ancestral sequences and mutations
Reason: Input files updated by another job: results/aligned.fasta, results/tree.nwk

[Mon Oct 24 12:19:40 2022]
Finished job 5.
4 of 8 steps (50%) done
Select jobs to execute...

[Mon Oct 24 12:19:40 2022]
Job 6: Translating amino acid sequences
Reason: Input files updated by another job: results/nt_muts.json, results/tree.nwk

[Mon Oct 24 12:19:43 2022]
Finished job 6.
5 of 8 steps (62%) done
Select jobs to execute...

[Mon Oct 24 12:19:43 2022]
Job 7:  Labeling clades as specified in config/clades.tsv
Reason: Input files updated by another job: results/aa_muts.json, results/nt_muts.json, results/tree.nwk

[Mon Oct 24 12:19:44 2022]
Finished job 7.
6 of 8 steps (75%) done
[Mon Oct 24 12:22:35 2022]
Finished job 4.
7 of 8 steps (88%) done
Select jobs to execute...

[Mon Oct 24 12:22:35 2022]
Job 0: Exporting data files for for auspice
Reason: Input files updated by another job: results/branch_lengths.json, results/aa_muts.json, results/clades.json, results/nt_muts.json, results/tree.nwk, results/traits.json

[Mon Oct 24 12:22:38 2022]
Finished job 0.
8 of 8 steps (100%) done
Complete log: .snakemake/log/2022-10-24T120607.876958.snakemake.log
