Building DAG of jobs...
Using shell: /bin/bash
Provided cores: 8
Rules claiming more threads will be scaled down.
Job stats:
job          count    min threads    max threads
---------  -------  -------------  -------------
ancestral        1              1              1
clades           1              1              1
export           1              1              1
refine           1              1              1
traits           1              1              1
translate        1              1              1
total            6              1              1

Select jobs to execute...

[Wed Mar 23 14:31:15 2022]
Job 1: 
        Refining tree
          - estimate timetree
          - use opt coalescent timescale
          - estimate marginal node dates
          - filter tips more than 10 IQDs from clock expectation
        

[Wed Mar 23 14:31:21 2022]
Finished job 1.
1 of 6 steps (17%) done
Select jobs to execute...

[Wed Mar 23 14:31:21 2022]
Job 6: Reconstructing ancestral sequences and mutations


[Wed Mar 23 14:31:21 2022]
Job 5: Inferring ancestral traits for country state region

[Wed Mar 23 14:31:22 2022]
Finished job 6.
2 of 6 steps (33%) done
Select jobs to execute...

[Wed Mar 23 14:31:22 2022]
Job 7: Translating amino acid sequences

[Wed Mar 23 14:31:22 2022]
Finished job 5.
3 of 6 steps (50%) done
[Wed Mar 23 14:31:23 2022]
Finished job 7.
4 of 6 steps (67%) done
Select jobs to execute...

[Wed Mar 23 14:31:23 2022]
Job 8:  Labeling clades as specified in config/clades.tsv

[Wed Mar 23 14:31:24 2022]
Error in rule clades:
    jobid: 8
    output: results/clades.json
    shell:
        
        augur clades --tree results/tree_raw.nwk             --mutations results/nt_muts.json results/aa_muts.json             --clades config/clades.tsv             --output results/clades.json
        
        (one of the commands exited with non-zero exit code; note that snakemake uses bash strict mode!)

Shutting down, this might take some time.
Exiting because a job execution failed. Look above for error message
Complete log: /Users/user/Programming Directory/Grubaugh Lab/WNV-nextstrain/.snakemake/log/2022-03-23T143115.596213.snakemake.log
