Building DAG of jobs...
Using shell: /bin/bash
Provided cores: 8
Rules claiming more threads will be scaled down.
Job stats:
job       count    min threads    max threads
------  -------  -------------  -------------
clades        1              1              1
export        1              1              1
total         2              1              1

Select jobs to execute...

[Tue Mar 22 00:00:00 2022]
Job 8:  Labeling clades as specified in config/clades.tsv

[Tue Mar 22 00:00:02 2022]
Error in rule clades:
    jobid: 8
    output: results/clades.json
    shell:
        
        augur clades --tree results/tree.nwk             --mutations results/nt_muts.json results/aa_muts.json             --clades config/clades.tsv             --output results/clades.json
        
        (one of the commands exited with non-zero exit code; note that snakemake uses bash strict mode!)

Shutting down, this might take some time.
Exiting because a job execution failed. Look above for error message
Complete log: /Users/user/Programming Directory/Grubaugh Lab/WNV-nextstrain/.snakemake/log/2022-03-22T000000.584144.snakemake.log
