Building DAG of jobs...
Using shell: /bin/bash
Provided cores: 8
Rules claiming more threads will be scaled down.
Job stats:
job          count    min threads    max threads
---------  -------  -------------  -------------
align            1              1              1
ancestral        1              1              1
export           1              1              1
refine           1              1              1
traits           1              1              1
translate        1              1              1
tree             1              1              1
total            7              1              1

Select jobs to execute...

[Sat Mar 19 13:16:16 2022]
Job 3: 
        Aligning sequences to config/reference.gb
          - filling gaps with N
        

[Sat Mar 19 13:21:57 2022]
Finished job 3.
1 of 7 steps (14%) done
Select jobs to execute...

[Sat Mar 19 13:21:57 2022]
Job 2: Building tree

[Sat Mar 19 13:24:04 2022]
Finished job 2.
2 of 7 steps (29%) done
Select jobs to execute...
RuleException in line 125 of /Users/user/Programming Directory/Grubaugh Lab/WNV-nextstrain/Snakefile:
'Params' object has no attribute 'clock_filter_iqd'
