Building DAG of jobs...
Using shell: /bin/bash
Provided cores: 8
Rules claiming more threads will be scaled down.
Job stats:
job          count    min threads    max threads
---------  -------  -------------  -------------
align            1              1              1
ancestral        1              1              1
export           1              1              1
filter           1              1              1
refine           1              1              1
traits           1              1              1
translate        1              1              1
tree             1              1              1
total            8              1              1

Select jobs to execute...

[Tue Mar 29 09:00:08 2022]
Job 4: 
        Filtering to
          - 100 sequence(s) per country year month
          - from 1900 onwards
          - excluding strains in config/dropped_strains.txt
        

[Tue Mar 29 09:00:10 2022]
Finished job 4.
1 of 8 steps (12%) done
Select jobs to execute...

[Tue Mar 29 09:00:10 2022]
Job 3: 
        Aligning sequences to config/reference.gb
          - filling gaps with N
        

[Tue Mar 29 09:07:37 2022]
Finished job 3.
2 of 8 steps (25%) done
Select jobs to execute...

[Tue Mar 29 09:07:37 2022]
Job 2: Building tree

[Tue Mar 29 09:10:35 2022]
Finished job 2.
3 of 8 steps (38%) done
Select jobs to execute...

[Tue Mar 29 09:10:35 2022]
Job 1: 
        Refining tree
          - estimate timetree
          - use opt coalescent timescale
          - estimate marginal node dates
          - filter tips more than 8 IQDs from clock expectation
        

Terminating processes on user request, this might take some time.
[Tue Mar 29 09:22:44 2022]
Error in rule refine:
    jobid: 1
    output: results/tree.nwk, results/branch_lengths.json
    shell:
        
        augur refine             --tree results/tree_raw.nwk             --alignment results/aligned.fasta             --metadata data/metadata.tsv             --output-tree results/tree.nwk             --output-node-data results/branch_lengths.json             --timetree             --coalescent opt             --date-confidence             --date-inference marginal             --clock-filter-iqd 8 ##            --root EU082200/Senegal/1968/7_koutango/NA
        
        (one of the commands exited with non-zero exit code; note that snakemake uses bash strict mode!)

Complete log: /Users/user/Programming Directory/Grubaugh Lab/WNV-nextstrain/.snakemake/log/2022-03-29T090008.160346.snakemake.log
