Building DAG of jobs...
Using shell: /bin/bash
Provided cores: 8
Rules claiming more threads will be scaled down.
Job stats:
job       count    min threads    max threads
------  -------  -------------  -------------
iqtree        1              1              1
total         1              1              1

Select jobs to execute...

[Sun Mar 20 21:14:43 2022]
Job 0: Building bootstrap tree

Terminating processes on user request, this might take some time.
[Sun Mar 20 21:15:18 2022]
Error in rule iqtree:
    jobid: 0
    output: results/masked.tree
    shell:
        
		iqtree 			-s results/aligned.fasta 			-bb 1000 			-nt 4 			-m GTR
		mv results/masked.fasta.treefile results/masked.tree
		
        (one of the commands exited with non-zero exit code; note that snakemake uses bash strict mode!)

Complete log: /Users/user/Programming Directory/Grubaugh Lab/WNV-nextstrain/.snakemake/log/2022-03-20T211443.702227.snakemake.log
