Building DAG of jobs...
Using shell: /bin/bash
Provided cores: 8
Rules claiming more threads will be scaled down.
Job stats:
job          count    min threads    max threads
---------  -------  -------------  -------------
align            1              1              1
ancestral        1              1              1
export           1              1              1
filter           1              1              1
refine           1              1              1
traits           1              1              1
translate        1              1              1
tree             1              1              1
total            8              1              1

Select jobs to execute...

[Fri Apr  1 14:02:52 2022]
Job 4: 
        Filtering to
          - 100 sequence(s) per country year month
          - from 1900 onwards
          - excluding strains in config/dropped_strains.txt
        

[Fri Apr  1 14:02:55 2022]
Finished job 4.
1 of 8 steps (12%) done
Select jobs to execute...

[Fri Apr  1 14:02:55 2022]
Job 3: 
        Aligning sequences to config/reference.gb
          - filling gaps with N
        

[Fri Apr  1 14:03:50 2022]
Finished job 3.
2 of 8 steps (25%) done
Select jobs to execute...

[Fri Apr  1 14:03:50 2022]
Job 2: Building tree

[Fri Apr  1 14:03:58 2022]
Finished job 2.
3 of 8 steps (38%) done
Select jobs to execute...

[Fri Apr  1 14:03:58 2022]
Job 1: 
        Refining tree
          - estimate timetree
          - use opt coalescent timescale
          - estimate marginal node dates
          - filter tips more than 100 IQDs from clock expectation
        

[Fri Apr  1 14:05:26 2022]
Finished job 1.
4 of 8 steps (50%) done
Select jobs to execute...

[Fri Apr  1 14:05:26 2022]
Job 5: Inferring ancestral traits for country state region


[Fri Apr  1 14:05:26 2022]
Job 6: Reconstructing ancestral sequences and mutations

[Fri Apr  1 14:05:32 2022]
Finished job 5.
5 of 8 steps (62%) done
[Fri Apr  1 14:05:32 2022]
Finished job 6.
6 of 8 steps (75%) done
Select jobs to execute...

[Fri Apr  1 14:05:32 2022]
Job 7: Translating amino acid sequences

[Fri Apr  1 14:05:34 2022]
Finished job 7.
7 of 8 steps (88%) done
Select jobs to execute...

[Fri Apr  1 14:05:34 2022]
Job 0: Exporting data files for for auspice

[Fri Apr  1 14:05:35 2022]
Finished job 0.
8 of 8 steps (100%) done
Complete log: /Users/user/Programming Directory/Grubaugh Lab/WNV-nextstrain/.snakemake/log/2022-04-01T140252.336938.snakemake.log
