Building DAG of jobs...
Using shell: /bin/bash
Provided cores: 8
Rules claiming more threads will be scaled down.
Job stats:
job          count    min threads    max threads
---------  -------  -------------  -------------
ancestral        1              1              1
export           1              1              1
refine           1              1              1
traits           1              1              1
translate        1              1              1
total            5              1              1

Select jobs to execute...

[Mon Mar 28 19:00:19 2022]
Job 1: 
        Refining tree
          - estimate timetree
          - use opt coalescent timescale
          - estimate marginal node dates
          - filter tips more than 4 IQDs from clock expectation
        

[Mon Mar 28 19:01:00 2022]
Finished job 1.
1 of 5 steps (20%) done
Select jobs to execute...

[Mon Mar 28 19:01:00 2022]
Job 5: Inferring ancestral traits for country state region


[Mon Mar 28 19:01:00 2022]
Job 6: Reconstructing ancestral sequences and mutations

[Mon Mar 28 19:01:03 2022]
Finished job 5.
2 of 5 steps (40%) done
[Mon Mar 28 19:01:04 2022]
Finished job 6.
3 of 5 steps (60%) done
Select jobs to execute...

[Mon Mar 28 19:01:04 2022]
Job 7: Translating amino acid sequences

[Mon Mar 28 19:01:04 2022]
Finished job 7.
4 of 5 steps (80%) done
Select jobs to execute...

[Mon Mar 28 19:01:04 2022]
Job 0: Exporting data files for for auspice

[Mon Mar 28 19:01:05 2022]
Finished job 0.
5 of 5 steps (100%) done
Complete log: /Users/user/Programming Directory/Grubaugh Lab/WNV-nextstrain/.snakemake/log/2022-03-28T190019.726645.snakemake.log
