Building DAG of jobs...
Using shell: /bin/bash
Provided cores: 8
Rules claiming more threads will be scaled down.
Job stats:
job          count    min threads    max threads
---------  -------  -------------  -------------
align            1              1              1
ancestral        1              1              1
clades           1              1              1
export           1              1              1
filter           1              1              1
refine           1              1              1
traits           1              1              1
translate        1              1              1
tree             1              1              1
total            9              1              1

Select jobs to execute...

[Mon Mar 21 21:07:08 2022]
Job 4: 
        Filtering to
          - 1000 sequence(s) per country year month
          - from 1900 onwards
          - excluding strains in config/dropped_strains.txt
        

[Mon Mar 21 21:07:09 2022]
Finished job 4.
1 of 9 steps (11%) done
Select jobs to execute...

[Mon Mar 21 21:07:09 2022]
Job 3: 
        Aligning sequences to config/reference.gb
          - filling gaps with N
        

[Mon Mar 21 21:07:38 2022]
Finished job 3.
2 of 9 steps (22%) done
Select jobs to execute...

[Mon Mar 21 21:07:38 2022]
Job 2: Building tree

[Mon Mar 21 21:07:40 2022]
Finished job 2.
3 of 9 steps (33%) done
Select jobs to execute...

[Mon Mar 21 21:07:40 2022]
Job 1: 
        Refining tree
          - estimate timetree
          - use opt coalescent timescale
          - estimate marginal node dates
          - filter tips more than 10 IQDs from clock expectation
        

[Mon Mar 21 21:07:49 2022]
Finished job 1.
4 of 9 steps (44%) done
Select jobs to execute...

[Mon Mar 21 21:07:49 2022]
Job 6: Reconstructing ancestral sequences and mutations


[Mon Mar 21 21:07:49 2022]
Job 5: Inferring ancestral traits for country state region

[Mon Mar 21 21:07:51 2022]
Finished job 6.
5 of 9 steps (56%) done
Select jobs to execute...

[Mon Mar 21 21:07:51 2022]
Job 7: Translating amino acid sequences

[Mon Mar 21 21:07:51 2022]
Finished job 5.
6 of 9 steps (67%) done
[Mon Mar 21 21:07:52 2022]
Finished job 7.
7 of 9 steps (78%) done
Select jobs to execute...

[Mon Mar 21 21:07:52 2022]
Job 8:  Labeling clades as specified in config/clades.tsv

[Mon Mar 21 21:07:53 2022]
Finished job 8.
8 of 9 steps (89%) done
Select jobs to execute...

[Mon Mar 21 21:07:53 2022]
Job 0: Exporting data files for for auspice

[Mon Mar 21 21:07:54 2022]
Finished job 0.
9 of 9 steps (100%) done
Complete log: /Users/user/Programming Directory/Grubaugh Lab/WNV-nextstrain/.snakemake/log/2022-03-21T210708.533990.snakemake.log
