Building DAG of jobs...
Using shell: /bin/bash
Provided cores: 8
Rules claiming more threads will be scaled down.
Job stats:
job          count    min threads    max threads
---------  -------  -------------  -------------
align            1              1              1
ancestral        1              1              1
clades           1              1              1
export           1              1              1
filter           1              1              1
refine           1              1              1
traits           1              1              1
translate        1              1              1
tree             1              1              1
total            9              1              1

Select jobs to execute...

[Mon Mar 21 23:18:39 2022]
Job 4: 
        Filtering to
          - 1000 sequence(s) per country year month
          - from 1900 onwards
          - excluding strains in config/dropped_strains.txt
        

[Mon Mar 21 23:18:41 2022]
Finished job 4.
1 of 9 steps (11%) done
Select jobs to execute...

[Mon Mar 21 23:18:41 2022]
Job 3: 
        Aligning sequences to config/reference.gb
          - filling gaps with N
        

[Mon Mar 21 23:25:54 2022]
Finished job 3.
2 of 9 steps (22%) done
Select jobs to execute...

[Mon Mar 21 23:25:54 2022]
Job 2: Building tree

[Mon Mar 21 23:28:33 2022]
Finished job 2.
3 of 9 steps (33%) done
Select jobs to execute...

[Mon Mar 21 23:28:33 2022]
Job 1: 
        Refining tree
          - estimate timetree
          - use opt coalescent timescale
          - estimate marginal node dates
          - filter tips more than 10 IQDs from clock expectation
        

[Mon Mar 21 23:38:52 2022]
Finished job 1.
4 of 9 steps (44%) done
Select jobs to execute...

[Mon Mar 21 23:38:52 2022]
Job 6: Reconstructing ancestral sequences and mutations


[Mon Mar 21 23:38:52 2022]
Job 5: Inferring ancestral traits for country state region

[Mon Mar 21 23:39:30 2022]
Finished job 6.
5 of 9 steps (56%) done
Select jobs to execute...

[Mon Mar 21 23:39:30 2022]
Job 7: Translating amino acid sequences

[Mon Mar 21 23:39:34 2022]
Finished job 7.
6 of 9 steps (67%) done
Select jobs to execute...

[Mon Mar 21 23:39:34 2022]
Job 8:  Labeling clades as specified in config/clades.tsv

[Mon Mar 21 23:39:35 2022]
Finished job 5.
7 of 9 steps (78%) done
[Mon Mar 21 23:39:35 2022]
Error in rule clades:
    jobid: 8
    output: results/clades.json
    shell:
        
        augur clades --tree results/tree.nwk             --mutations results/nt_muts.json results/aa_muts.json             --clades config/clades.tsv             --output results/clades.json
        
        (one of the commands exited with non-zero exit code; note that snakemake uses bash strict mode!)

Shutting down, this might take some time.
Exiting because a job execution failed. Look above for error message
Complete log: /Users/user/Programming Directory/Grubaugh Lab/WNV-nextstrain/.snakemake/log/2022-03-21T231839.698678.snakemake.log
