Building DAG of jobs...
Using shell: /bin/bash
Provided cores: 8
Rules claiming more threads will be scaled down.
Job stats:
job          count    min threads    max threads
---------  -------  -------------  -------------
align            1              1              1
ancestral        1              1              1
export           1              1              1
filter           1              1              1
refine           1              1              1
traits           1              1              1
translate        1              1              1
tree             1              1              1
total            8              1              1

Select jobs to execute...

[Wed Mar 16 14:05:30 2022]
Job 4: 
        Filtering to
          - 20 sequence(s) per country year month
          - from 1900 onwards
          - excluding strains in config/dropped_strains.txt
        

[Wed Mar 16 14:05:33 2022]
Finished job 4.
1 of 8 steps (12%) done
Select jobs to execute...

[Wed Mar 16 14:05:33 2022]
Job 3: 
        Aligning sequences to config/reference.gb
          - filling gaps with N
        

[Wed Mar 16 14:05:43 2022]
Finished job 3.
2 of 8 steps (25%) done
Select jobs to execute...

[Wed Mar 16 14:05:43 2022]
Job 2: Building tree

[Wed Mar 16 14:05:45 2022]
Finished job 2.
3 of 8 steps (38%) done
Select jobs to execute...

[Wed Mar 16 14:05:45 2022]
Job 1: 
        Refining tree
          - estimate timetree
          - use opt coalescent timescale
          - estimate marginal node dates
          - filter tips more than 4 IQDs from clock expectation
        

[Wed Mar 16 14:05:53 2022]
Finished job 1.
4 of 8 steps (50%) done
Select jobs to execute...

[Wed Mar 16 14:05:53 2022]
Job 6: Reconstructing ancestral sequences and mutations


[Wed Mar 16 14:05:53 2022]
Job 5: Inferring ancestral traits for country state

[Wed Mar 16 14:05:54 2022]
Error in rule traits:
    jobid: 5
    output: results/traits.json
    shell:
        
        augur traits             --tree results/tree.nwk             --metadata data/metadata.tsv             --output-node-data results/traits.json             --columns country state             --confidence
        
        (one of the commands exited with non-zero exit code; note that snakemake uses bash strict mode!)

[Wed Mar 16 14:05:54 2022]
Finished job 6.
5 of 8 steps (62%) done
Shutting down, this might take some time.
Exiting because a job execution failed. Look above for error message
Complete log: /Users/user/Programming Directory/Grubaugh Lab/WNV-nextstrain/.snakemake/log/2022-03-16T140530.479186.snakemake.log
