Building DAG of jobs...
Using shell: /bin/bash
Provided cores: 8
Rules claiming more threads will be scaled down.
Job stats:
job          count    min threads    max threads
---------  -------  -------------  -------------
ancestral        1              1              1
export           1              1              1
refine           1              1              1
traits           1              1              1
translate        1              1              1
total            5              1              1

Select jobs to execute...

[Sat Mar 19 13:28:29 2022]
Job 1: 
        Refining tree
          - estimate timetree
          - use opt coalescent timescale
          - estimate marginal node dates
        - filter tips more than 1000 IQDs from clock expectation
        

[Sat Mar 19 13:36:33 2022]
Finished job 1.
1 of 5 steps (20%) done
Select jobs to execute...

[Sat Mar 19 13:36:33 2022]
Job 6: Reconstructing ancestral sequences and mutations


[Sat Mar 19 13:36:33 2022]
Job 5: Inferring ancestral traits for country state region

[Sat Mar 19 13:37:06 2022]
Finished job 6.
2 of 5 steps (40%) done
Select jobs to execute...

[Sat Mar 19 13:37:06 2022]
Job 7: Translating amino acid sequences

[Sat Mar 19 13:37:10 2022]
Finished job 7.
3 of 5 steps (60%) done
[Sat Mar 19 13:37:11 2022]
Finished job 5.
4 of 5 steps (80%) done
Select jobs to execute...

[Sat Mar 19 13:37:11 2022]
Job 0: Exporting data files for for auspice

[Sat Mar 19 13:37:14 2022]
Finished job 0.
5 of 5 steps (100%) done
Complete log: /Users/user/Programming Directory/Grubaugh Lab/WNV-nextstrain/.snakemake/log/2022-03-19T132829.272037.snakemake.log
