Building DAG of jobs...
Using shell: /bin/bash
Provided cores: 1 (use --cores to define parallelism)
Rules claiming more threads will be scaled down.
Job counts:
	count	jobs
	1	align
	1	ancestral
	1	export
	1	filter
	1	refine
	1	traits
	1	translate
	1	tree
	8

[Wed Jan 19 16:38:29 2022]
Job 7: 
        Filtering to
          - 20 sequence(s) per country year month
          - from 1900 onwards
          - excluding strains in config/dropped_strains.txt
        

[Wed Jan 19 16:38:31 2022]
Finished job 7.
1 of 8 steps (12%) done

[Wed Jan 19 16:38:31 2022]
Job 6: 
        Aligning sequences to config/reference.gb
          - filling gaps with N
        

[Wed Jan 19 16:38:38 2022]
Finished job 6.
2 of 8 steps (25%) done

[Wed Jan 19 16:38:38 2022]
Job 5: Building tree

[Wed Jan 19 16:38:40 2022]
Finished job 5.
3 of 8 steps (38%) done

[Wed Jan 19 16:38:40 2022]
Job 1: 
        Refining tree
          - estimate timetree
          - use opt coalescent timescale
          - estimate marginal node dates
          - filter tips more than 4 IQDs from clock expectation
        

[Wed Jan 19 16:38:56 2022]
Finished job 1.
4 of 8 steps (50%) done

[Wed Jan 19 16:38:56 2022]
Job 3: Reconstructing ancestral sequences and mutations

[Wed Jan 19 16:38:58 2022]
Finished job 3.
5 of 8 steps (62%) done

[Wed Jan 19 16:38:58 2022]
Job 4: Translating amino acid sequences

[Wed Jan 19 16:39:00 2022]
Finished job 4.
6 of 8 steps (75%) done

[Wed Jan 19 16:39:00 2022]
Job 2: Inferring ancestral traits for country state

[Wed Jan 19 16:39:03 2022]
Finished job 2.
7 of 8 steps (88%) done

[Wed Jan 19 16:39:03 2022]
Job 0: Exporting data files for for auspice

[Wed Jan 19 16:39:05 2022]
Finished job 0.
8 of 8 steps (100%) done
Complete log: /home/chantalvogels/nextstrain/test2/.snakemake/log/2022-01-19T163829.818717.snakemake.log
