Building DAG of jobs...
Using shell: /bin/bash
Provided cores: 8
Rules claiming more threads will be scaled down.
Job stats:
job          count    min threads    max threads
---------  -------  -------------  -------------
ancestral        1              1              1
clades           1              1              1
export           1              1              1
refine           1              1              1
traits           1              1              1
translate        1              1              1
total            6              1              1

Select jobs to execute...

[Mon Mar 21 16:00:13 2022]
Job 1: 
        Refining tree
          - estimate timetree
          - use opt coalescent timescale
          - estimate marginal node dates
          - filter tips more than 10 IQDs from clock expectation
        

[Mon Mar 21 16:05:38 2022]
Finished job 1.
1 of 6 steps (17%) done
Select jobs to execute...

[Mon Mar 21 16:05:38 2022]
Job 6: Reconstructing ancestral sequences and mutations


[Mon Mar 21 16:05:38 2022]
Job 5: Inferring ancestral traits for country state region

[Mon Mar 21 16:05:59 2022]
Finished job 6.
2 of 6 steps (33%) done
Select jobs to execute...

[Mon Mar 21 16:05:59 2022]
Job 7: Translating amino acid sequences

[Mon Mar 21 16:06:01 2022]
Finished job 5.
3 of 6 steps (50%) done
[Mon Mar 21 16:06:02 2022]
Finished job 7.
4 of 6 steps (67%) done
Select jobs to execute...

[Mon Mar 21 16:06:02 2022]
Job 8:  Labeling clades as specified in config/clades.tsv

[Mon Mar 21 16:06:03 2022]
Finished job 8.
5 of 6 steps (83%) done
Select jobs to execute...

[Mon Mar 21 16:06:03 2022]
Job 0: Exporting data files for for auspice

[Mon Mar 21 16:06:05 2022]
Finished job 0.
6 of 6 steps (100%) done
Complete log: /Users/user/Programming Directory/Grubaugh Lab/WNV-nextstrain/.snakemake/log/2022-03-21T160013.256952.snakemake.log
