Building DAG of jobs...
Using shell: /bin/bash
Provided cores: 8
Rules claiming more threads will be scaled down.
Job stats:
job          count    min threads    max threads
---------  -------  -------------  -------------
ancestral        1              1              1
clades           1              1              1
export           1              1              1
iqtree           1              1              1
refine           1              1              1
traits           1              1              1
translate        1              1              1
total            7              1              1

Select jobs to execute...

[Wed Mar 23 11:24:54 2022]
Job 2: Building bootstrap tree

[Wed Mar 23 11:24:54 2022]
Error in rule iqtree:
    jobid: 2
    output: results/masked.tree
    shell:
        
        iqtree             -s results/aligned.fasta             -B 1000             -nt 4             -m GTR
        
        (one of the commands exited with non-zero exit code; note that snakemake uses bash strict mode!)

Shutting down, this might take some time.
Exiting because a job execution failed. Look above for error message
Complete log: /Users/user/Programming Directory/Grubaugh Lab/WNV-nextstrain/.snakemake/log/2022-03-23T112454.403519.snakemake.log
