Building DAG of jobs...
Using shell: /bin/bash
Provided cores: 8
Rules claiming more threads will be scaled down.
Job stats:
job          count    min threads    max threads
---------  -------  -------------  -------------
align            1              1              1
ancestral        1              1              1
export           1              1              1
refine           1              1              1
traits           1              1              1
translate        1              1              1
tree             1              1              1
total            7              1              1

Select jobs to execute...

[Sat Mar 19 15:04:35 2022]
Job 3: 
        Aligning sequences to config/reference.gb
          - filling gaps with N
        

[Sat Mar 19 15:13:56 2022]
Finished job 3.
1 of 7 steps (14%) done
Select jobs to execute...

[Sat Mar 19 15:13:56 2022]
Job 2: Building tree

[Sat Mar 19 15:17:37 2022]
Finished job 2.
2 of 7 steps (29%) done
Select jobs to execute...

[Sat Mar 19 15:17:37 2022]
Job 1: 
        Refining tree
          - estimate timetree
          - use opt coalescent timescale
          - estimate marginal node dates
        - filter tips more than 1000 IQDs from clock expectation
        

[Sat Mar 19 15:30:34 2022]
Finished job 1.
3 of 7 steps (43%) done
Select jobs to execute...

[Sat Mar 19 15:30:34 2022]
Job 6: Reconstructing ancestral sequences and mutations


[Sat Mar 19 15:30:34 2022]
Job 5: Inferring ancestral traits for country state region

[Sat Mar 19 15:31:23 2022]
Finished job 6.
4 of 7 steps (57%) done
Select jobs to execute...

[Sat Mar 19 15:31:23 2022]
Job 7: Translating amino acid sequences

[Sat Mar 19 15:31:29 2022]
Finished job 7.
5 of 7 steps (71%) done
[Sat Mar 19 15:31:30 2022]
Finished job 5.
6 of 7 steps (86%) done
Select jobs to execute...

[Sat Mar 19 15:31:30 2022]
Job 0: Exporting data files for for auspice

[Sat Mar 19 15:31:35 2022]
Finished job 0.
7 of 7 steps (100%) done
Complete log: /Users/user/Programming Directory/Grubaugh Lab/WNV-nextstrain/.snakemake/log/2022-03-19T150434.964756.snakemake.log
