Building DAG of jobs...
Using shell: /bin/bash
Provided cores: 8
Rules claiming more threads will be scaled down.
Job stats:
job          count    min threads    max threads
---------  -------  -------------  -------------
ancestral        1              1              1
export           1              1              1
refine           1              1              1
traits           1              1              1
translate        1              1              1
tree             1              1              1
total            6              1              1

Select jobs to execute...

[Tue Mar  8 15:44:37 2022]
Job 2: Building tree

[Tue Mar  8 15:47:32 2022]
Finished job 2.
1 of 6 steps (17%) done
Select jobs to execute...

[Tue Mar  8 15:47:32 2022]
Job 1: 
        Refining tree
          - estimate timetree
          - use opt coalescent timescale
          - estimate marginal node dates
          - filter tips more than 4 IQDs from clock expectation
        

[Tue Mar  8 15:58:21 2022]
Finished job 1.
2 of 6 steps (33%) done
Select jobs to execute...

[Tue Mar  8 15:58:21 2022]
Job 5: Inferring ancestral traits for country state


[Tue Mar  8 15:58:21 2022]
Job 6: Reconstructing ancestral sequences and mutations

[Tue Mar  8 15:58:55 2022]
Finished job 5.
3 of 6 steps (50%) done
[Tue Mar  8 15:59:11 2022]
Finished job 6.
4 of 6 steps (67%) done
Select jobs to execute...

[Tue Mar  8 15:59:11 2022]
Job 7: Translating amino acid sequences

[Tue Mar  8 15:59:19 2022]
Finished job 7.
5 of 6 steps (83%) done
Select jobs to execute...

[Tue Mar  8 15:59:19 2022]
Job 0: Exporting data files for for auspice

[Tue Mar  8 15:59:23 2022]
Finished job 0.
6 of 6 steps (100%) done
Complete log: /Users/user/Programming Directory/Grubaugh Lab/WNV-nextstrain/.snakemake/log/2022-03-08T154437.592484.snakemake.log
