Building DAG of jobs...
Using shell: /bin/bash
Provided cores: 8
Rules claiming more threads will be scaled down.
Job stats:
job          count    min threads    max threads
---------  -------  -------------  -------------
ancestral        1              1              1
export           1              1              1
refine           1              1              1
traits           1              1              1
translate        1              1              1
total            5              1              1

Select jobs to execute...

[Sun Mar 27 16:00:18 2022]
Job 1: 
        Refining tree
          - estimate timetree
          - use opt coalescent timescale
          - estimate marginal node dates
          - filter tips more than 4 IQDs from clock expectation
        

[Sun Mar 27 16:10:16 2022]
Finished job 1.
1 of 5 steps (20%) done
Select jobs to execute...

[Sun Mar 27 16:10:16 2022]
Job 5: Inferring ancestral traits for country state region


[Sun Mar 27 16:10:16 2022]
Job 6: Reconstructing ancestral sequences and mutations

[Sun Mar 27 16:10:58 2022]
Finished job 6.
2 of 5 steps (40%) done
Select jobs to execute...

[Sun Mar 27 16:10:58 2022]
Job 7: Translating amino acid sequences

[Sun Mar 27 16:11:03 2022]
Finished job 5.
3 of 5 steps (60%) done
[Sun Mar 27 16:11:03 2022]
Finished job 7.
4 of 5 steps (80%) done
Select jobs to execute...

[Sun Mar 27 16:11:03 2022]
Job 0: Exporting data files for for auspice

[Sun Mar 27 16:11:06 2022]
Finished job 0.
5 of 5 steps (100%) done
Complete log: /Users/user/Programming Directory/Grubaugh Lab/WNV-nextstrain/.snakemake/log/2022-03-27T160018.191490.snakemake.log
