Building DAG of jobs...
Using shell: /bin/bash
Provided cores: 8
Rules claiming more threads will be scaled down.
Job stats:
job       count    min threads    max threads
------  -------  -------------  -------------
filter        1              1              1
total         1              1              1

Select jobs to execute...

[Wed Mar 16 22:53:26 2022]
Job 0: 
        Filtering to
          - 1000 sequence(s) per country year month
          - from 1900 onwards
          - excluding strains in config/dropped_strains.txt
        

[Wed Mar 16 22:53:27 2022]
Finished job 0.
1 of 1 steps (100%) done
Complete log: /Users/user/Programming Directory/Grubaugh Lab/WNV-nextstrain/.snakemake/log/2022-03-16T225326.104929.snakemake.log
