Building DAG of jobs...
Using shell: /bin/bash
Provided cores: 8
Rules claiming more threads will be scaled down.
Job stats:
job          count    min threads    max threads
---------  -------  -------------  -------------
align            1              1              1
ancestral        1              1              1
clades           1              1              1
export           1              1              1
filter           1              1              1
refine           1              1              1
traits           1              1              1
translate        1              1              1
tree             1              1              1
total            9              1              1

Select jobs to execute...

[Tue Apr  5 10:40:54 2022]
Job 4: 
        Filtering to
          - 100 sequence(s) per country year month
          - from 1900 onwards
          - excluding strains in config/dropped_strains.txt
        

[Tue Apr  5 10:40:57 2022]
Finished job 4.
1 of 9 steps (11%) done
Select jobs to execute...

[Tue Apr  5 10:40:57 2022]
Job 3: 
        Aligning sequences to config/reference.gb
          - filling gaps with N
        

[Tue Apr  5 10:48:14 2022]
Finished job 3.
2 of 9 steps (22%) done
Select jobs to execute...

[Tue Apr  5 10:48:14 2022]
Job 2: Building tree

[Tue Apr  5 10:50:49 2022]
Finished job 2.
3 of 9 steps (33%) done
Select jobs to execute...

[Tue Apr  5 10:50:49 2022]
Job 1: 
        Refining tree
          - estimate timetree
          - use opt coalescent timescale
          - estimate marginal node dates
          - filter tips more than 100 IQDs from clock expectation
        

[Tue Apr  5 11:01:06 2022]
Finished job 1.
4 of 9 steps (44%) done
Select jobs to execute...

[Tue Apr  5 11:01:06 2022]
Job 6: Reconstructing ancestral sequences and mutations


[Tue Apr  5 11:01:06 2022]
Job 5: Inferring ancestral traits for country state region

[Tue Apr  5 11:02:02 2022]
Finished job 6.
5 of 9 steps (56%) done
Select jobs to execute...

[Tue Apr  5 11:02:02 2022]
Job 7: Translating amino acid sequences

[Tue Apr  5 11:02:09 2022]
Finished job 7.
6 of 9 steps (67%) done
Select jobs to execute...

[Tue Apr  5 11:02:09 2022]
Job 8:  Labeling clades as specified in config/clades.tsv

[Tue Apr  5 11:02:10 2022]
Finished job 8.
7 of 9 steps (78%) done
[Tue Apr  5 11:02:13 2022]
Finished job 5.
8 of 9 steps (89%) done
Select jobs to execute...

[Tue Apr  5 11:02:13 2022]
Job 0: Exporting data files for for auspice

[Tue Apr  5 11:02:17 2022]
Finished job 0.
9 of 9 steps (100%) done
Complete log: /Users/user/Programming Directory/Grubaugh Lab/WNV-nextstrain/.snakemake/log/2022-04-05T104054.709426.snakemake.log
