Building DAG of jobs...
Using shell: /bin/bash
Provided cores: 8
Rules claiming more threads will be scaled down.
Job stats:
job          count    min threads    max threads
---------  -------  -------------  -------------
align            1              1              1
ancestral        1              1              1
clades           1              1              1
export           1              1              1
filter           1              1              1
iqtree           1              1              1
refine           1              1              1
traits           1              1              1
translate        1              1              1
total            9              1              1

Select jobs to execute...

[Wed Mar 23 11:25:17 2022]
Job 4: 
        Filtering to
          - 1000 sequence(s) per country year month
          - from 1900 onwards
          - excluding strains in config/dropped_strains.txt
        

[Wed Mar 23 11:25:18 2022]
Finished job 4.
1 of 9 steps (11%) done
Select jobs to execute...

[Wed Mar 23 11:25:18 2022]
Job 3: 
        Aligning sequences to config/reference.gb
          - filling gaps with N
        

[Wed Mar 23 11:25:47 2022]
Finished job 3.
2 of 9 steps (22%) done
Select jobs to execute...

[Wed Mar 23 11:25:47 2022]
Job 2: Building bootstrap tree

Waiting at most 5 seconds for missing files.
MissingOutputException in line 70 of /Users/user/Programming Directory/Grubaugh Lab/WNV-nextstrain/Snakefile:
Job Missing files after 5 seconds:
results/masked.tree
This might be due to filesystem latency. If that is the case, consider to increase the wait time with --latency-wait.
Job id: 2 completed successfully, but some output files are missing. 2
Shutting down, this might take some time.
Exiting because a job execution failed. Look above for error message
Complete log: /Users/user/Programming Directory/Grubaugh Lab/WNV-nextstrain/.snakemake/log/2022-03-23T112516.966667.snakemake.log
