Building DAG of jobs...
Using shell: /bin/bash
Provided cores: 8
Rules claiming more threads will be scaled down.
Job stats:
job          count    min threads    max threads
---------  -------  -------------  -------------
align            1              1              1
ancestral        1              1              1
export           1              1              1
filter           1              1              1
refine           1              1              1
traits           1              1              1
translate        1              1              1
tree             1              1              1
total            8              1              1

Select jobs to execute...

[Wed Jan 26 22:34:04 2022]
Job 4: 
        Filtering to
          - 20 sequence(s) per country year month
          - from 1900 onwards
          - excluding strains in config/dropped_strains.txt
        

[Wed Jan 26 22:34:05 2022]
Finished job 4.
1 of 8 steps (12%) done
Select jobs to execute...

[Wed Jan 26 22:34:05 2022]
Job 3: 
        Aligning sequences to config/reference.gb
          - filling gaps with N
        

[Wed Jan 26 22:38:50 2022]
Finished job 3.
2 of 8 steps (25%) done
Select jobs to execute...

[Wed Jan 26 22:38:50 2022]
Job 2: Building tree

[Wed Jan 26 22:40:49 2022]
Finished job 2.
3 of 8 steps (38%) done
Select jobs to execute...

[Wed Jan 26 22:40:49 2022]
Job 1: 
        Refining tree
          - estimate timetree
          - use opt coalescent timescale
          - estimate marginal node dates
          - filter tips more than 4 IQDs from clock expectation
        

[Wed Jan 26 22:47:40 2022]
Finished job 1.
4 of 8 steps (50%) done
Select jobs to execute...

[Wed Jan 26 22:47:40 2022]
Job 5: Inferring ancestral traits for country state


[Wed Jan 26 22:47:40 2022]
Job 6: Reconstructing ancestral sequences and mutations

[Wed Jan 26 22:48:03 2022]
Finished job 5.
5 of 8 steps (62%) done
[Wed Jan 26 22:48:07 2022]
Finished job 6.
6 of 8 steps (75%) done
Select jobs to execute...

[Wed Jan 26 22:48:07 2022]
Job 7: Translating amino acid sequences

[Wed Jan 26 22:48:10 2022]
Finished job 7.
7 of 8 steps (88%) done
Select jobs to execute...

[Wed Jan 26 22:48:10 2022]
Job 0: Exporting data files for for auspice

[Wed Jan 26 22:48:13 2022]
Finished job 0.
8 of 8 steps (100%) done
Complete log: /Users/user/Programming Directory/Grubaugh Lab/WNV-nextstrain/.snakemake/log/2022-01-26T223404.074037.snakemake.log
