Building DAG of jobs...
Using shell: /bin/bash
Provided cores: 8
Rules claiming more threads will be scaled down.
Job stats:
job          count    min threads    max threads
---------  -------  -------------  -------------
align            1              1              1
ancestral        1              1              1
clades           1              1              1
export           1              1              1
refine           1              1              1
traits           1              1              1
translate        1              1              1
tree             1              1              1
total            8              1              1

Select jobs to execute...

[Tue May 23 17:42:25 2023]
Job 3: 
        Aligning sequences to config/reference.gb
          - filling gaps with N
        
Reason: Updated input files: data/sequences.fasta

[Tue May 23 17:48:33 2023]
Finished job 3.
1 of 8 steps (12%) done
Select jobs to execute...

[Tue May 23 17:48:33 2023]
Job 2: Building tree
Reason: Input files updated by another job: results/aligned.fasta

[Tue May 23 17:51:23 2023]
Finished job 2.
2 of 8 steps (25%) done
Select jobs to execute...

[Tue May 23 17:51:23 2023]
Job 1: 
        Refining tree
          - estimate timetree
          - use opt coalescent timescale
          - estimate marginal node dates
          - filter tips more than 100 IQDs from clock expectation
        
Reason: Input files updated by another job: results/tree_raw.nwk, results/aligned.fasta

[Tue May 23 17:59:56 2023]
Finished job 1.
3 of 8 steps (38%) done
Select jobs to execute...

[Tue May 23 17:59:56 2023]
Job 4: Inferring ancestral traits for country continent region
Reason: Input files updated by another job: results/tree.nwk


[Tue May 23 17:59:56 2023]
Job 5: Reconstructing ancestral sequences and mutations
Reason: Input files updated by another job: results/tree.nwk, results/aligned.fasta

[Tue May 23 18:00:29 2023]
Finished job 5.
4 of 8 steps (50%) done
Select jobs to execute...

[Tue May 23 18:00:29 2023]
Job 6: Translating amino acid sequences
Reason: Input files updated by another job: results/tree.nwk, results/nt_muts.json

[Tue May 23 18:00:33 2023]
Finished job 6.
5 of 8 steps (62%) done
Select jobs to execute...

[Tue May 23 18:00:33 2023]
Job 7:  Labeling clades as specified in config/clades.tsv
Reason: Input files updated by another job: results/aa_muts.json, results/tree.nwk, results/nt_muts.json

[Tue May 23 18:00:34 2023]
Finished job 7.
6 of 8 steps (75%) done
[Tue May 23 18:09:47 2023]
Finished job 4.
7 of 8 steps (88%) done
Select jobs to execute...

[Tue May 23 18:09:47 2023]
Job 0: Exporting data files for for auspice
Reason: Input files updated by another job: results/nt_muts.json, results/traits.json, results/aa_muts.json, results/tree.nwk, results/branch_lengths.json, results/clades.json

[Tue May 23 18:09:51 2023]
Finished job 0.
8 of 8 steps (100%) done
Complete log: .snakemake/log/2023-05-23T174225.443806.snakemake.log
