Building DAG of jobs...
Using shell: /bin/bash
Provided cores: 8
Rules claiming more threads will be scaled down.
Job stats:
job          count
---------  -------
align            1
ancestral        1
clades           1
export           1
mask             1
refine           1
traits           1
translate        1
tree             1
total            9

Select jobs to execute...

[Fri Sep 29 15:47:35 2023]
Job 4: 
        Aligning sequences to config/reference.gb
          - filling gaps with N
        
Reason: Missing output files: results/aligned.fasta

[Fri Sep 29 16:14:23 2023]
Finished job 4.
1 of 9 steps (11%) done
Select jobs to execute...

[Fri Sep 29 16:14:23 2023]
Job 3: 
        masking sites in config/masked_sites.txt
        
Reason: Missing output files: results/masked.fasta; Input files updated by another job: results/aligned.fasta

[Fri Sep 29 16:14:25 2023]
Finished job 3.
2 of 9 steps (22%) done
Select jobs to execute...

[Fri Sep 29 16:14:25 2023]
Job 2: Building tree
Reason: Missing output files: results/tree_raw.nwk; Input files updated by another job: results/masked.fasta

[Fri Sep 29 16:19:08 2023]
Finished job 2.
3 of 9 steps (33%) done
Select jobs to execute...

[Fri Sep 29 16:19:08 2023]
Job 1: 
        Refining tree
          - estimate timetree
          - use opt coalescent timescale
          - estimate marginal node dates
          - filter tips more than 4 IQDs from clock
expectation
        
Reason: Missing output files: results/branch_lengths.json, results/tree.nwk; Input files updated by another job: results/tree_raw.nwk, results/aligned.fasta

[Fri Sep 29 16:36:55 2023]
Finished job 1.
4 of 9 steps (44%) done
Select jobs to execute...

[Fri Sep 29 16:36:56 2023]
Job 5: Inferring ancestral traits for country state CO division zone trap
Reason: Missing output files: results/traits.json; Input files updated by another job: results/tree.nwk


[Fri Sep 29 16:36:56 2023]
Job 6: Reconstructing ancestral sequences and mutations
Reason: Missing output files: results/nt_muts.json; Input files updated by another job: results/tree.nwk, results/aligned.fasta

[Fri Sep 29 16:38:07 2023]
Finished job 6.
5 of 9 steps (56%) done
Select jobs to execute...

[Fri Sep 29 16:38:07 2023]
Job 7: Translating amino acid sequences
Reason: Missing output files: results/aa_muts.json; Input files updated by another job: results/nt_muts.json, results/tree.nwk

[Fri Sep 29 16:38:16 2023]
Finished job 7.
6 of 9 steps (67%) done
Select jobs to execute...

[Fri Sep 29 16:38:16 2023]
Job 8:  Labeling clades as specified in config/clades.tsv
Reason: Missing output files: results/clades.json; Input files updated by another job: results/nt_muts.json, results/tree.nwk, results/aa_muts.json

[Fri Sep 29 16:38:18 2023]
Finished job 8.
7 of 9 steps (78%) done
[Fri Sep 29 17:25:38 2023]
Finished job 5.
8 of 9 steps (89%) done
Select jobs to execute...

[Fri Sep 29 17:25:38 2023]
Job 0: Exporting data files for for auspice
Reason: Missing output files: auspice/WNV-Foco_nextstrain2.json; Input files updated by another job: results/branch_lengths.json, results/nt_muts.json, results/tree.nwk, results/traits.json, results/aa_muts.json, results/clades.json

[Fri Sep 29 17:25:45 2023]
Finished job 0.
9 of 9 steps (100%) done
Complete log: .snakemake/log/2023-09-29T154735.526898.snakemake.log
