Building DAG of jobs...
Using shell: /bin/bash
Provided cores: 8
Rules claiming more threads will be scaled down.
Job stats:
job          count    min threads    max threads
---------  -------  -------------  -------------
align            1              1              1
ancestral        1              1              1
clades           1              1              1
export           1              1              1
refine           1              1              1
traits           1              1              1
translate        1              1              1
tree             1              1              1
total            8              1              1

Select jobs to execute...

[Tue Sep  5 14:12:12 2023]
Job 3: 
        Aligning sequences to config/reference.gb
          - filling gaps with N
        
Reason: Missing output files: results/aligned.fasta

[Tue Sep  5 14:49:02 2023]
Finished job 3.
1 of 8 steps (12%) done
Select jobs to execute...

[Tue Sep  5 14:49:02 2023]
Job 2: Building tree
Reason: Missing output files: results/tree_raw.nwk; Input files updated by another job: results/aligned.fasta

[Tue Sep  5 14:49:07 2023]
Error in rule tree:
    jobid: 2
    output: results/tree_raw.nwk
    shell:
        
       augur tree            --alignment results/aligned.fasta             --output results/tree_raw.nwk
        
        (one of the commands exited with non-zero exit code; note that snakemake uses bash strict mode!)

Shutting down, this might take some time.
Exiting because a job execution failed. Look above for error message
Complete log: .snakemake/log/2023-09-05T141212.225217.snakemake.log
