Building DAG of jobs...
Using shell: /bin/bash
Provided cores: 8
Rules claiming more threads will be scaled down.
Job stats:
job       count
------  -------
export        1
traits        1
total         2

Select jobs to execute...

[Wed Sep 13 07:47:53 2023]
Job 5: Inferring ancestral traits for country state division zone trap
Reason: Missing output files: results/traits.json

[Wed Sep 13 10:01:45 2023]
Finished job 5.
1 of 2 steps (50%) done
Select jobs to execute...

[Wed Sep 13 10:01:45 2023]
Job 0: Exporting data files for for auspice
Reason: Missing output files: auspice/WNV-Foco_nextstrain2.json; Input files updated by another job: results/traits.json

[Wed Sep 13 10:01:54 2023]
Finished job 0.
2 of 2 steps (100%) done
Complete log: .snakemake/log/2023-09-13T074752.712942.snakemake.log
