Building DAG of jobs...
Using shell: /bin/bash
Provided cores: 8
Rules claiming more threads will be scaled down.
Job stats:
job          count
---------  -------
ancestral        1
clades           1
export           1
mask             1
refine           1
traits           1
translate        1
tree             1
total            8

Select jobs to execute...

[Tue Sep 19 11:05:17 2023]
Job 3: 
        masking sites in config/masked_sites.txt
        
Reason: Missing output files: results/masked.fasta

[Tue Sep 19 11:05:18 2023]
Finished job 3.
1 of 8 steps (12%) done
Select jobs to execute...

[Tue Sep 19 11:05:18 2023]
Job 2: Building tree
Reason: Input files updated by another job: results/masked.fasta; Set of input files has changed since last execution

[Tue Sep 19 11:05:41 2023]
Finished job 2.
2 of 8 steps (25%) done
Select jobs to execute...

[Tue Sep 19 11:05:41 2023]
Job 1: 
        Refining tree
          - estimate timetree
          - use opt coalescent timescale
          - estimate marginal node dates
          - filter tips more than 4 IQDs from clock
expectation
        
Reason: Input files updated by another job: results/tree_raw.nwk

[Tue Sep 19 11:05:51 2023]
Finished job 1.
3 of 8 steps (38%) done
Select jobs to execute...

[Tue Sep 19 11:05:51 2023]
Job 6: Reconstructing ancestral sequences and mutations
Reason: Input files updated by another job: results/tree.nwk


[Tue Sep 19 11:05:51 2023]
Job 5: Inferring ancestral traits for country state division zone trap
Reason: Input files updated by another job: results/tree.nwk

[Tue Sep 19 11:05:52 2023]
Finished job 6.
4 of 8 steps (50%) done
Select jobs to execute...

[Tue Sep 19 11:05:52 2023]
Job 7: Translating amino acid sequences
Reason: Input files updated by another job: results/tree.nwk, results/nt_muts.json

[Tue Sep 19 11:05:53 2023]
Finished job 7.
5 of 8 steps (62%) done
Select jobs to execute...

[Tue Sep 19 11:05:53 2023]
Job 8:  Labeling clades as specified in config/clades.tsv
Reason: Input files updated by another job: results/tree.nwk, results/aa_muts.json, results/nt_muts.json

[Tue Sep 19 11:05:53 2023]
Finished job 5.
6 of 8 steps (75%) done
[Tue Sep 19 11:05:53 2023]
Finished job 8.
7 of 8 steps (88%) done
Select jobs to execute...

[Tue Sep 19 11:05:53 2023]
Job 0: Exporting data files for for auspice
Reason: Input files updated by another job: results/traits.json, results/nt_muts.json, results/clades.json, results/tree.nwk, results/aa_muts.json, results/branch_lengths.json

[Tue Sep 19 11:05:54 2023]
Error in rule export:
    jobid: 0
    input: results/tree.nwk, data/metadata.csv, results/branch_lengths.json, results/traits.json, results/nt_muts.json, results/aa_muts.json, config/colors.tsv, config/lat_longs.tsv, results/clades.json, config/auspice_config.json
    output: auspice/WNV-Foco_nextstrain2.json
    shell:
        
        augur export v2             --tree results/tree.nwk             --metadata data/metadata.csv             --node-data results/branch_lengths.json results/traits.json results/nt_muts.json
results/clades.json results/aa_muts.json             --lat-longs config/lat_longs.tsv             --colors config/colors.tsv             --auspice-config config/auspice_config.json             --output auspice/WNV-Foco_nextstrain2.json
        
        (one of the commands exited with non-zero exit code; note that snakemake uses bash strict mode!)

Shutting down, this might take some time.
Exiting because a job execution failed. Look above for error message
Complete log: .snakemake/log/2023-09-19T110517.386622.snakemake.log
