Building DAG of jobs...
Using shell: /bin/bash
Provided cores: 8
Rules claiming more threads will be scaled down.
Job stats:
job          count
---------  -------
align            1
ancestral        1
clades           1
export           1
mask             1
refine           1
traits           1
translate        1
tree             1
total            9

Select jobs to execute...

[Tue Sep 19 23:48:43 2023]
Job 4: 
        Aligning sequences to config/reference.gb
          - filling gaps with N
        
Reason: Updated input files: data/sequences.fasta

[Wed Sep 20 00:13:51 2023]
Finished job 4.
1 of 9 steps (11%) done
Select jobs to execute...

[Wed Sep 20 00:13:51 2023]
Job 3: 
        masking sites in config/masked_sites.txt
        
Reason: Input files updated by another job: results/aligned.fasta

[Wed Sep 20 00:13:52 2023]
Finished job 3.
2 of 9 steps (22%) done
Select jobs to execute...

[Wed Sep 20 00:13:52 2023]
Job 2: Building tree
Reason: Input files updated by another job: results/masked.fasta

[Wed Sep 20 00:17:15 2023]
Finished job 2.
3 of 9 steps (33%) done
Select jobs to execute...

[Wed Sep 20 00:17:15 2023]
Job 1: 
        Refining tree
          - estimate timetree
          - use opt coalescent timescale
          - estimate marginal node dates
          - filter tips more than 4 IQDs from clock
expectation
        
Reason: Input files updated by another job: results/tree_raw.nwk, results/aligned.fasta

[Wed Sep 20 00:29:50 2023]
Finished job 1.
4 of 9 steps (44%) done
Select jobs to execute...

[Wed Sep 20 00:29:51 2023]
Job 6: Reconstructing ancestral sequences and mutations
Reason: Input files updated by another job: results/tree.nwk, results/aligned.fasta


[Wed Sep 20 00:29:51 2023]
Job 5: Inferring ancestral traits for country state CO division zone trap
Reason: Input files updated by another job: results/tree.nwk

[Wed Sep 20 00:30:34 2023]
Finished job 6.
5 of 9 steps (56%) done
Select jobs to execute...

[Wed Sep 20 00:30:34 2023]
Job 7: Translating amino acid sequences
Reason: Input files updated by another job: results/tree.nwk, results/nt_muts.json

[Wed Sep 20 00:30:39 2023]
Finished job 7.
6 of 9 steps (67%) done
Select jobs to execute...

[Wed Sep 20 00:30:39 2023]
Job 8:  Labeling clades as specified in config/clades.tsv
Reason: Input files updated by another job: results/aa_muts.json, results/tree.nwk, results/nt_muts.json

[Wed Sep 20 00:30:40 2023]
Finished job 8.
7 of 9 steps (78%) done
[Wed Sep 20 01:05:19 2023]
Finished job 5.
8 of 9 steps (89%) done
Select jobs to execute...

[Wed Sep 20 01:05:19 2023]
Job 0: Exporting data files for for auspice
Reason: Input files updated by another job: results/aa_muts.json, results/tree.nwk, results/traits.json, results/branch_lengths.json, results/clades.json, results/nt_muts.json

[Wed Sep 20 01:05:25 2023]
Finished job 0.
9 of 9 steps (100%) done
Complete log: .snakemake/log/2023-09-19T234843.178457.snakemake.log
