Building DAG of jobs...
Using shell: /bin/bash
Provided cores: 8
Rules claiming more threads will be scaled down.
Job stats:
job          count
---------  -------
align            1
ancestral        1
clades           1
export           1
mask             1
refine           1
traits           1
translate        1
tree             1
total            9

Select jobs to execute...

[Tue Sep 12 15:56:13 2023]
Job 4: 
        Aligning sequences to config/reference.gb
          - filling gaps with N
        
Reason: Missing output files: results/aligned.fasta; Code has changed since last execution

