Building DAG of jobs...
Using shell: /bin/bash
Provided cores: 8
Rules claiming more threads will be scaled down.
Job stats:
job          count    min threads    max threads
---------  -------  -------------  -------------
align            1              1              1
ancestral        1              1              1
clades           1              1              1
export           1              1              1
refine           1              1              1
traits           1              1              1
translate        1              1              1
tree             1              1              1
total            8              1              1

Select jobs to execute...

[Fri Sep  1 17:30:52 2023]
Job 3: 
        Aligning sequences to config/reference.gb
          - filling gaps with N
        
Reason: Updated input files: data/sequences.fasta

[Fri Sep  1 17:31:02 2023]
Finished job 3.
1 of 8 steps (12%) done
Select jobs to execute...

[Fri Sep  1 17:31:02 2023]
Job 2: Building tree
Reason: Input files updated by another job: results/aligned.fasta

[Fri Sep  1 17:31:03 2023]
Finished job 2.
2 of 8 steps (25%) done
Select jobs to execute...

[Fri Sep  1 17:31:03 2023]
Job 1: 
        Refining tree
          - estimate timetree
          - use opt coalescent timescale
          - estimate marginal node dates
          - filter tips more than 100 IQDs from clock expectation
        
Reason: Input files updated by another job: results/aligned.fasta, results/tree_raw.nwk

[Fri Sep  1 17:31:04 2023]
Error in rule refine:
    jobid: 1
    output: results/tree.nwk, results/branch_lengths.json
    shell:
        
        augur refine             --tree results/tree_raw.nwk             --alignment results/aligned.fasta             --metadata data/metadata.csv             --output-tree results/tree.nwk             --output-node-data results/branch_lengths.json             --timetree             --coalescent opt             --date-confidence             --date-inference marginal             --clock-filter-iqd 100
        
        (one of the commands exited with non-zero exit code; note that snakemake uses bash strict mode!)

Shutting down, this might take some time.
Exiting because a job execution failed. Look above for error message
Complete log: .snakemake/log/2023-09-01T173052.285443.snakemake.log
