Building DAG of jobs...
Using shell: /bin/bash
Provided cores: 8
Rules claiming more threads will be scaled down.
Job stats:
job          count
---------  -------
align            1
ancestral        1
clades           1
export           1
mask             1
refine           1
traits           1
translate        1
tree             1
total            9

Select jobs to execute...

[Mon Sep 18 17:12:23 2023]
Job 4: 
        Aligning sequences to config/reference.gb
          - filling gaps with N
        
Reason: Missing output files: results/aligned.fasta

[Mon Sep 18 17:12:38 2023]
Finished job 4.
1 of 9 steps (11%) done
Select jobs to execute...

[Mon Sep 18 17:12:38 2023]
Job 3: 
        masking sites in config/masked_sites.txt
        
Reason: Missing output files: results/masked.fasta; Input files updated by another job: results/aligned.fasta

[Mon Sep 18 17:12:39 2023]
Finished job 3.
2 of 9 steps (22%) done
Select jobs to execute...

[Mon Sep 18 17:12:39 2023]
Job 2: Building tree
Reason: Missing output files: results/tree_raw.nwk; Input files updated by another job: results/masked.fasta

[Mon Sep 18 17:13:02 2023]
Error in rule tree:
    jobid: 2
    input: results/masked.fasta
    output: results/tree_raw.nwk
    shell:
        
       augur tree            --alignment results/masked.fasta            --method iqtree            --nthreads auto
           --output results/tree_raw.nwk
        
        (one of the commands exited with non-zero exit code; note that snakemake uses bash strict mode!)

Shutting down, this might take some time.
Exiting because a job execution failed. Look above for error message
Complete log: .snakemake/log/2023-09-18T171223.102188.snakemake.log
