Building DAG of jobs...
Using shell: /bin/bash
Provided cores: 8
Rules claiming more threads will be scaled down.
Job stats:
job       count
------  -------
export        1
traits        1
total         2

Select jobs to execute...

[Tue Sep 19 15:29:25 2023]
Job 5: Inferring ancestral traits for country state CO division zone trap
Reason: Params have changed since last execution

[Tue Sep 19 16:07:20 2023]
Finished job 5.
1 of 2 steps (50%) done
Select jobs to execute...

[Tue Sep 19 16:07:20 2023]
Job 0: Exporting data files for for auspice
Reason: Input files updated by another job: results/traits.json

[Tue Sep 19 16:07:26 2023]
Finished job 0.
2 of 2 steps (100%) done
Complete log: .snakemake/log/2023-09-19T152924.922602.snakemake.log
