Building DAG of jobs...
Using shell: /bin/bash
Provided cores: 8
Rules claiming more threads will be scaled down.
Job stats:
job          count    min threads    max threads
---------  -------  -------------  -------------
align            1              1              1
ancestral        1              1              1
clades           1              1              1
export           1              1              1
refine           1              1              1
traits           1              1              1
translate        1              1              1
tree             1              1              1
total            8              1              1

Select jobs to execute...

[Thu Sep  7 22:11:19 2023]
Job 3: 
        Aligning sequences to config/reference.gb
          - filling gaps with N
        
Reason: Updated input files: data/sequences.fasta

[Thu Sep  7 22:38:10 2023]
Finished job 3.
1 of 8 steps (12%) done
Select jobs to execute...

[Thu Sep  7 22:38:10 2023]
Job 2: Building tree
Reason: Input files updated by another job: results/aligned.fasta

[Thu Sep  7 22:55:11 2023]
Finished job 2.
2 of 8 steps (25%) done
Select jobs to execute...

[Thu Sep  7 22:55:11 2023]
Job 1: 
        Refining tree
          - estimate timetree
          - use opt coalescent timescale
          - estimate marginal node dates
          - filter tips more than 100 IQDs from clock expectation
        
Reason: Input files updated by another job: results/tree_raw.nwk, results/aligned.fasta

[Thu Sep  7 23:32:38 2023]
Finished job 1.
3 of 8 steps (38%) done
Select jobs to execute...

[Thu Sep  7 23:32:38 2023]
Job 4: Inferring ancestral traits for country state division zone trap
Reason: Missing output files: results/traits.json; Input files updated by another job: results/tree.nwk


[Thu Sep  7 23:32:38 2023]
Job 5: Reconstructing ancestral sequences and mutations
Reason: Input files updated by another job: results/tree.nwk, results/aligned.fasta

[Thu Sep  7 23:34:40 2023]
Finished job 5.
4 of 8 steps (50%) done
Select jobs to execute...

[Thu Sep  7 23:34:40 2023]
Job 6: Translating amino acid sequences
Reason: Missing output files: results/aa_muts.json; Input files updated by another job: results/tree.nwk, results/nt_muts.json

[Thu Sep  7 23:34:53 2023]
Finished job 6.
5 of 8 steps (62%) done
Select jobs to execute...

[Thu Sep  7 23:34:53 2023]
Job 7:  Labeling clades as specified in config/clades.tsv
Reason: Missing output files: results/clades.json; Input files updated by another job: results/aa_muts.json, results/tree.nwk, results/nt_muts.json

[Thu Sep  7 23:34:55 2023]
Finished job 7.
6 of 8 steps (75%) done
[Fri Sep  8 01:02:14 2023]
Finished job 4.
7 of 8 steps (88%) done
Select jobs to execute...

[Fri Sep  8 01:02:14 2023]
Job 0: Exporting data files for for auspice
Reason: Input files updated by another job: results/branch_lengths.json, results/aa_muts.json, results/nt_muts.json, results/traits.json, results/clades.json, results/tree.nwk

[Fri Sep  8 01:02:16 2023]
Error in rule export:
    jobid: 0
    output: auspice/WNV-Foco_nextstrain2.json
    shell:
        
        augur export v2             --tree results/tree.nwk             --metadata data/metadata.csv             --node-data results/branch_lengths.json results/traits.json results/nt_muts.json results/clades.json results/aa_muts.json             --lat-longs config/lat_longs.tsv             --auspice-config config/auspice_config.json             --output auspice/WNV-Foco_nextstrain2.json
        
        (one of the commands exited with non-zero exit code; note that snakemake uses bash strict mode!)

Shutting down, this might take some time.
Exiting because a job execution failed. Look above for error message
Complete log: .snakemake/log/2023-09-07T221119.371517.snakemake.log
