Building DAG of jobs...
Using shell: /bin/bash
Provided cores: 8
Rules claiming more threads will be scaled down.
Job stats:
job          count    min threads    max threads
---------  -------  -------------  -------------
align            1              1              1
ancestral        1              1              1
clades           1              1              1
export           1              1              1
refine           1              1              1
traits           1              1              1
translate        1              1              1
tree             1              1              1
total            8              1              1

Select jobs to execute...

[Mon Jul 24 14:20:55 2023]
Job 3: 
        Aligning sequences to config/reference.gb
          - filling gaps with N
        
Reason: Missing output files: results/aligned.fasta

[Mon Jul 24 14:30:49 2023]
Finished job 3.
1 of 8 steps (12%) done
Select jobs to execute...

[Mon Jul 24 14:30:49 2023]
Job 2: Building tree
Reason: Missing output files: results/tree_raw.nwk; Input files updated by another job: results/aligned.fasta

[Mon Jul 24 14:34:44 2023]
Finished job 2.
2 of 8 steps (25%) done
Select jobs to execute...

[Mon Jul 24 14:34:44 2023]
Job 1: 
        Refining tree
          - estimate timetree
          - use opt coalescent timescale
          - estimate marginal node dates
          - filter tips more than 100 IQDs from clock expectation
        
Reason: Missing output files: results/tree.nwk, results/branch_lengths.json; Input files updated by another job: results/tree_raw.nwk, results/aligned.fasta

[Mon Jul 24 14:48:56 2023]
Finished job 1.
3 of 8 steps (38%) done
Select jobs to execute...

[Mon Jul 24 14:48:58 2023]
Job 4: Inferring ancestral traits for country continent region
Reason: Missing output files: results/traits.json; Input files updated by another job: results/tree.nwk


[Mon Jul 24 14:48:58 2023]
Job 5: Reconstructing ancestral sequences and mutations
Reason: Missing output files: results/nt_muts.json; Input files updated by another job: results/aligned.fasta, results/tree.nwk

[Mon Jul 24 14:49:54 2023]
Finished job 5.
4 of 8 steps (50%) done
Select jobs to execute...

[Mon Jul 24 14:49:54 2023]
Job 6: Translating amino acid sequences
Reason: Missing output files: results/aa_muts.json; Input files updated by another job: results/nt_muts.json, results/tree.nwk

[Mon Jul 24 14:50:01 2023]
Finished job 6.
5 of 8 steps (62%) done
Select jobs to execute...

[Mon Jul 24 14:50:01 2023]
Job 7:  Labeling clades as specified in config/clades.tsv
Reason: Missing output files: results/clades.json; Input files updated by another job: results/nt_muts.json, results/tree.nwk, results/aa_muts.json

[Mon Jul 24 14:50:03 2023]
Finished job 7.
6 of 8 steps (75%) done
[Mon Jul 24 15:01:15 2023]
Finished job 4.
7 of 8 steps (88%) done
Select jobs to execute...

[Mon Jul 24 15:01:15 2023]
Job 0: Exporting data files for for auspice
Reason: Missing output files: auspice/WNV-Global.json; Input files updated by another job: results/aa_muts.json, results/clades.json, results/nt_muts.json, results/tree.nwk, results/branch_lengths.json, results/traits.json

[Mon Jul 24 15:01:20 2023]
Finished job 0.
8 of 8 steps (100%) done
Complete log: .snakemake/log/2023-07-24T142055.905530.snakemake.log
