Building DAG of jobs...
Using shell: /bin/bash
Provided cores: 8
Rules claiming more threads will be scaled down.
Job stats:
job          count
---------  -------
align            1
ancestral        1
clades           1
export           1
mask             1
refine           1
traits           1
translate        1
tree             1
total            9

Select jobs to execute...

[Tue Sep 19 11:12:28 2023]
Job 4: 
        Aligning sequences to config/reference.gb
          - filling gaps with N
        
Reason: Missing output files: results/aligned.fasta

[Tue Sep 19 11:12:42 2023]
Finished job 4.
1 of 9 steps (11%) done
Select jobs to execute...

[Tue Sep 19 11:12:42 2023]
Job 3: 
        masking sites in config/masked_sites.txt
        
Reason: Missing output files: results/masked.fasta; Input files updated by another job: results/aligned.fasta

[Tue Sep 19 11:12:43 2023]
Finished job 3.
2 of 9 steps (22%) done
Select jobs to execute...

[Tue Sep 19 11:12:43 2023]
Job 2: Building tree
Reason: Missing output files: results/tree_raw.nwk; Input files updated by another job: results/masked.fasta

[Tue Sep 19 11:13:06 2023]
Finished job 2.
3 of 9 steps (33%) done
Select jobs to execute...

[Tue Sep 19 11:13:06 2023]
Job 1: 
        Refining tree
          - estimate timetree
          - use opt coalescent timescale
          - estimate marginal node dates
          - filter tips more than 4 IQDs from clock
expectation
        
Reason: Missing output files: results/branch_lengths.json, results/tree.nwk; Input files updated by another job: results/tree_raw.nwk, results/aligned.fasta

[Tue Sep 19 11:13:16 2023]
Finished job 1.
4 of 9 steps (44%) done
Select jobs to execute...

[Tue Sep 19 11:13:16 2023]
Job 5: Inferring ancestral traits for country state division zone trap
Reason: Missing output files: results/traits.json; Input files updated by another job: results/tree.nwk


[Tue Sep 19 11:13:16 2023]
Job 6: Reconstructing ancestral sequences and mutations
Reason: Missing output files: results/nt_muts.json; Input files updated by another job: results/aligned.fasta, results/tree.nwk

[Tue Sep 19 11:13:17 2023]
Finished job 6.
5 of 9 steps (56%) done
Select jobs to execute...

[Tue Sep 19 11:13:17 2023]
Job 7: Translating amino acid sequences
Reason: Missing output files: results/aa_muts.json; Input files updated by another job: results/nt_muts.json, results/tree.nwk

[Tue Sep 19 11:13:18 2023]
Finished job 7.
6 of 9 steps (67%) done
Select jobs to execute...

[Tue Sep 19 11:13:18 2023]
Job 8:  Labeling clades as specified in config/clades.tsv
Reason: Missing output files: results/clades.json; Input files updated by another job: results/aa_muts.json, results/nt_muts.json, results/tree.nwk

[Tue Sep 19 11:13:18 2023]
Finished job 5.
7 of 9 steps (78%) done
[Tue Sep 19 11:13:18 2023]
Finished job 8.
8 of 9 steps (89%) done
Select jobs to execute...

[Tue Sep 19 11:13:18 2023]
Job 0: Exporting data files for for auspice
Reason: Missing output files: auspice/WNV-Foco_nextstrain2.json; Input files updated by another job: results/aa_muts.json, results/traits.json, results/branch_lengths.json, results/nt_muts.json, results/clades.json, results/tree.nwk

[Tue Sep 19 11:13:19 2023]
Error in rule export:
    jobid: 0
    input: results/tree.nwk, data/metadata.csv, results/branch_lengths.json, results/traits.json, results/nt_muts.json, results/aa_muts.json, config/colors.tsv, config/lat_longs.tsv, results/clades.json, config/auspice_config.json
    output: auspice/WNV-Foco_nextstrain2.json
    shell:
        
        augur export v2             --tree results/tree.nwk             --metadata data/metadata.csv             --node-data results/branch_lengths.json results/traits.json results/nt_muts.json             --clades results/clades.json results/aa_muts.json             --lat-longs config/lat_longs.tsv             --colors config/colors.tsv             --auspice-config config/auspice_config.json             --output auspice/WNV-Foco_nextstrain2.json
        
        (one of the commands exited with non-zero exit code; note that snakemake uses bash strict mode!)

Shutting down, this might take some time.
Exiting because a job execution failed. Look above for error message
Complete log: .snakemake/log/2023-09-19T111228.444710.snakemake.log
