Building DAG of jobs...
Using shell: /bin/bash
Provided cores: 8
Rules claiming more threads will be scaled down.
Job stats:
job          count
---------  -------
align            1
ancestral        1
clades           1
export           1
mask             1
refine           1
traits           1
translate        1
tree             1
total            9

Select jobs to execute...

[Tue Sep 12 16:54:21 2023]
Job 4: 
        Aligning sequences to config/reference.gb
          - filling gaps with N
        
Reason: Missing output files: results/aligned.fasta

[Tue Sep 12 16:54:35 2023]
Finished job 4.
1 of 9 steps (11%) done
Select jobs to execute...

[Tue Sep 12 16:54:35 2023]
Job 3: 
        masking sites in config/masked_sites.txt
        
Reason: Missing output files: results/masked.fasta; Input files updated by another job: results/aligned.fasta

RuleException in rule mask in file /Users/user/Programming Directory/Ebel Lab/WNV-Foco-nextstrain2/Snakefile, line 47:
AttributeError: 'OutputFiles' object has no attribute 'masked_alignment', when formatting the following:

        augur mask             --sequences {input.fasta}             --mask {input.mask}             --output {output.masked_alignment}
        
