Building DAG of jobs...
Using shell: /bin/bash
Provided cores: 8
Rules claiming more threads will be scaled down.
Job stats:
job          count
---------  -------
ancestral        1
clades           1
export           1
mask             1
refine           1
traits           1
translate        1
tree             1
total            8

Select jobs to execute...

[Mon Sep 18 17:21:33 2023]
Job 3: 
        masking sites in config/masked_sites.txt
        
Reason: Missing output files: results/masked_aligned.fasta

[Mon Sep 18 17:21:33 2023]
Finished job 3.
1 of 8 steps (12%) done
Select jobs to execute...

[Mon Sep 18 17:21:33 2023]
Job 2: Building tree
Reason: Missing output files: results/tree_raw.nwk; Input files updated by another job: results/masked_aligned.fasta

[Mon Sep 18 17:21:56 2023]
Finished job 2.
2 of 8 steps (25%) done
Select jobs to execute...

[Mon Sep 18 17:21:56 2023]
Job 1: 
        Refining tree
          - estimate timetree
          - use opt coalescent timescale
          - estimate marginal node dates
          - filter tips more than 4 IQDs from clock expectation
        
Reason: Missing output files: results/tree.nwk, results/branch_lengths.json; Input files updated by another job: results/tree_raw.nwk

[Mon Sep 18 17:22:07 2023]
Finished job 1.
3 of 8 steps (38%) done
Select jobs to execute...

[Mon Sep 18 17:22:07 2023]
Job 6: Reconstructing ancestral sequences and mutations
Reason: Missing output files: results/nt_muts.json; Input files updated by another job: results/tree.nwk


[Mon Sep 18 17:22:07 2023]
Job 5: Inferring ancestral traits for country state division zone trap
Reason: Missing output files: results/traits.json; Input files updated by another job: results/tree.nwk

[Mon Sep 18 17:22:08 2023]
Finished job 6.
4 of 8 steps (50%) done
Select jobs to execute...

[Mon Sep 18 17:22:08 2023]
Job 7: Translating amino acid sequences
Reason: Missing output files: results/aa_muts.json; Input files updated by another job: results/tree.nwk, results/nt_muts.json

[Mon Sep 18 17:22:09 2023]
Finished job 7.
5 of 8 steps (62%) done
Select jobs to execute...

[Mon Sep 18 17:22:09 2023]
Job 8:  Labeling clades as specified in config/clades.tsv
Reason: Missing output files: results/clades.json; Input files updated by another job: results/aa_muts.json, results/tree.nwk, results/nt_muts.json

[Mon Sep 18 17:22:09 2023]
Finished job 5.
6 of 8 steps (75%) done
[Mon Sep 18 17:22:09 2023]
Finished job 8.
7 of 8 steps (88%) done
Select jobs to execute...

[Mon Sep 18 17:22:09 2023]
Job 0: Exporting data files for for auspice
Reason: Missing output files: auspice/WNV-Foco_nextstrain2.json; Input files updated by another job: results/tree.nwk, results/nt_muts.json, results/traits.json, results/clades.json, results/aa_muts.json, results/branch_lengths.json

[Mon Sep 18 17:22:10 2023]
Finished job 0.
8 of 8 steps (100%) done
Complete log: .snakemake/log/2023-09-18T172132.490813.snakemake.log
