Building DAG of jobs...
Using shell: /bin/bash
Provided cores: 8
Rules claiming more threads will be scaled down.
Job stats:
job          count
---------  -------
align            1
ancestral        1
clades           1
export           1
mask             1
refine           1
traits           1
translate        1
tree             1
total            9

Select jobs to execute...

[Tue Sep 12 16:00:20 2023]
Job 4: 
        Aligning sequences to config/reference.gb
          - filling gaps with N
        
Reason: Missing output files: results/aligned.fasta; Code has changed since last execution

[Tue Sep 12 16:00:34 2023]
Finished job 4.
1 of 9 steps (11%) done
Select jobs to execute...

[Tue Sep 12 16:00:34 2023]
Job 3: 
        masking sites in config/mask.json
        
Reason: Missing output files: results/masked.fasta; Input files updated by another job: results/aligned.fasta

[Tue Sep 12 16:00:35 2023]
Error in rule mask:
    jobid: 3
    input: results/aligned.fasta, config/mask.json
    output: results/masked.fasta
    shell:
        
        augur mask             --sequences results/aligned.fasta             --mask config/mask.json
        
        (one of the commands exited with non-zero exit code; note that snakemake uses bash strict mode!)

Shutting down, this might take some time.
Exiting because a job execution failed. Look above for error message
Complete log: .snakemake/log/2023-09-12T160020.644109.snakemake.log
