Building DAG of jobs...
Using shell: /bin/bash
Provided cores: 8
Rules claiming more threads will be scaled down.
Job stats:
job          count
---------  -------
ancestral        1
clades           1
export           1
refine           1
traits           1
translate        1
total            6

Select jobs to execute...

[Tue Sep 19 11:42:42 2023]
Job 1: 
        Refining tree
          - estimate timetree
          - use opt coalescent timescale
          - estimate marginal node dates
          - filter tips more than 4 IQDs from clock
expectation
        
Reason: Params have changed since last execution

[Tue Sep 19 11:42:55 2023]
Finished job 1.
1 of 6 steps (17%) done
Select jobs to execute...

[Tue Sep 19 11:42:55 2023]
Job 6: Reconstructing ancestral sequences and mutations
Reason: Input files updated by another job: results/tree.nwk


[Tue Sep 19 11:42:55 2023]
Job 5: Inferring ancestral traits for country state division zone trap
Reason: Input files updated by another job: results/tree.nwk

[Tue Sep 19 11:42:57 2023]
Finished job 6.
2 of 6 steps (33%) done
Select jobs to execute...

[Tue Sep 19 11:42:57 2023]
Job 7: Translating amino acid sequences
Reason: Input files updated by another job: results/tree.nwk, results/nt_muts.json

[Tue Sep 19 11:42:57 2023]
Finished job 7.
3 of 6 steps (50%) done
Select jobs to execute...

[Tue Sep 19 11:42:57 2023]
Job 8:  Labeling clades as specified in config/clades.tsv
Reason: Input files updated by another job: results/tree.nwk, results/aa_muts.json, results/nt_muts.json

[Tue Sep 19 11:42:58 2023]
Finished job 8.
4 of 6 steps (67%) done
[Tue Sep 19 11:42:58 2023]
Finished job 5.
5 of 6 steps (83%) done
Select jobs to execute...

[Tue Sep 19 11:42:58 2023]
Job 0: Exporting data files for for auspice
Reason: Input files updated by another job: results/clades.json, results/tree.nwk, results/nt_muts.json, results/traits.json, results/aa_muts.json, results/branch_lengths.json

[Tue Sep 19 11:42:59 2023]
Finished job 0.
6 of 6 steps (100%) done
Complete log: .snakemake/log/2023-09-19T114241.494964.snakemake.log
