IQ-TREE multicore version 2.2.0-beta COVID-edition for Mac OS X 64-bit built Dec 21 2021 built Dec 21 2021
Developed by Bui Quang Minh, James Barbetti, Nguyen Lam Tung,
Olga Chernomor, Heiko Schmidt, Dominik Schrempf, Michael Woodhams, Ly Trong Nhan.

Host:    users-MacBook.local (SSE4.2, 16 GB RAM)
Command: iqtree2 -ninit 2 -n 2 -me 0.05 -nt 1 -s results/aligned-delim.fasta -m GTR
Seed:    81817 (Using SPRNG - Scalable Parallel Random Number Generator)
Time:    Wed Mar 23 00:15:17 2022
Kernel:  SSE2 - 1 threads (8 CPU cores detected)

HINT: Use -nt option to specify number of threads because your CPU has 8 cores!
HINT: -nt AUTO will automatically determine the best number of threads to use.

Reading alignment file results/aligned-delim.fasta ... Fasta format detected
Reading fasta file: done in 0.00366092 secs using 86.95% CPU
Alignment most likely contains DNA/RNA sequences
Constructing alignment: done in 0.00960302 secs using 70.24% CPU
Alignment has 12 sequences with 11029 columns, 322 distinct patterns
2275 parsimony-informative, 1013 singleton sites, 7741 constant sites
                                  Gap/Ambiguity  Composition  p-value
Analyzing sequences: done in 1.38283e-05 secs using 94.01% CPU
   1  NC_009942.1                         0.00%    passed     92.94%
   2  KJ501281_USA_2002_1a_bird           0.48%    passed     97.40%
   3  KJ501509_USA_2001_1a_bird           6.62%    passed     93.92%
   4  KX547597_USA_2004_1a_bird           6.62%    passed     94.84%
   5  KJ501378_USA_2001_1a_bird           6.62%    passed     94.52%
   6  KJ501299_USA_2002_1a_bird           0.36%    passed     96.37%
   7  KX547556_USA_2012_1a_mosquito       6.62%    passed     94.63%
   8  LR743445_Germany_2019_2_bird        0.29%    passed     80.97%
   9  MN480794_Greece_2018_2_mosquito     1.21%    passed     84.87%
  10  KJ577738_Greece_2013_2_human        0.59%    passed     78.09%
  11  KT359349_Hungary_2014_2_human       0.85%    passed     74.10%
  12  KY703856_Senegal_1992_8_mosquito    6.59%    passed      8.63%
****  TOTAL                               3.07%  0 sequences failed composition chi2 test (p-value<5%; df=3)
Checking for duplicate sequences: done in 4.00543e-05 secs using 79.89% CPU

Create initial parsimony tree by phylogenetic likelihood library (PLL)... 0.001 seconds

NOTE: 0 MB RAM (0 GB) is required!
Estimate model parameters (epsilon = 0.500)
1. Initial log-likelihood: -51181.706
2. Current log-likelihood: -47581.851
3. Current log-likelihood: -47580.382
Optimal log-likelihood: -47580.369
Rate parameters:  A-C: 2.02791  A-G: 3.24299  A-T: 1.78642  C-G: 1.21133  C-T: 5.87803  G-T: 1.00000
Base frequencies:  A: 0.273  C: 0.224  G: 0.286  T: 0.217
Parameters optimization took 3 rounds (0.014 sec)
Wrote distance file to... 
Computing ML distances based on estimated model parameters...
Calculating distance matrix: done in 0.000490189 secs using 64.06% CPU
Computing ML distances took 0.000566 sec (of wall-clock time) 0.000372 sec (of CPU time)
Setting up auxiliary I and S matrices: done in 3.69549e-05 secs using 97.42% CPU
Constructing RapidNJ tree: done in 5.60284e-05 secs using 151.7% CPU
Computing RapidNJ tree took 0.000164 sec (of wall-clock time) 0.000180 sec (of CPU time)
Log-likelihood of RapidNJ tree: -31650.348
--------------------------------------------------------------------
|             INITIALIZING CANDIDATE TREE SET                      |
--------------------------------------------------------------------

Do NNI search on 2 best initial trees
Optimizing NNI: done in 0.0032239 secs using 198% CPU
Estimate model parameters (epsilon = 0.500)
BETTER TREE FOUND at iteration 1: -31643.143
Optimizing NNI: done in 0.0206511 secs using 189.9% CPU
Finish initializing candidate tree set (3)
Current best tree score: -31643.143 / CPU time: 0.046
Number of iterations: 2
TREE SEARCH COMPLETED AFTER 2 ITERATIONS / Time: 0h:0m:0s

--------------------------------------------------------------------
|                    FINALIZING TREE SEARCH                        |
--------------------------------------------------------------------
Performs final model parameters optimization
Estimate model parameters (epsilon = 0.050)
1. Initial log-likelihood: -31643.143
Optimal log-likelihood: -31643.142
Rate parameters:  A-C: 1.96157  A-G: 3.41028  A-T: 1.64620  C-G: 1.17478  C-T: 6.29447  G-T: 1.00000
Base frequencies:  A: 0.273  C: 0.224  G: 0.286  T: 0.217
Parameters optimization took 1 rounds (0.002 sec)
BEST SCORE FOUND : -31643.142
Total tree length: 0.429

Total number of iterations: 2
CPU time used for tree search: 0.071 sec (0h:0m:0s)
Wall-clock time used for tree search: 0.046 sec (0h:0m:0s)
Total CPU time used: 0.100 sec (0h:0m:0s)
Total wall-clock time used: 0.080 sec (0h:0m:0s)

Analysis results written to: 
  IQ-TREE report:                results/aligned-delim.fasta.iqtree
  Maximum-likelihood tree:       results/aligned-delim.fasta.treefile
  Likelihood distances:          results/aligned-delim.fasta.mldist
  Screen log file:               results/aligned-delim.fasta.log

Date and Time: Wed Mar 23 00:15:17 2022
