IQ-TREE multicore version 2.2.0-beta COVID-edition for Mac OS X 64-bit built Dec 21 2021 built Dec 21 2021
Developed by Bui Quang Minh, James Barbetti, Nguyen Lam Tung,
Olga Chernomor, Heiko Schmidt, Dominik Schrempf, Michael Woodhams, Ly Trong Nhan.

Host:    users-MacBook.local (SSE4.2, 16 GB RAM)
Command: iqtree2 -ninit 2 -n 2 -me 0.05 -nt 1 -s results/aligned-delim.fasta -m GTR
Seed:    822879 (Using SPRNG - Scalable Parallel Random Number Generator)
Time:    Sun Jan 30 11:56:19 2022
Kernel:  SSE2 - 1 threads (8 CPU cores detected)

HINT: Use -nt option to specify number of threads because your CPU has 8 cores!
HINT: -nt AUTO will automatically determine the best number of threads to use.

Reading alignment file results/aligned-delim.fasta ... Fasta format detected
Reading fasta file: done in 0.154818 secs using 95% CPU
Alignment most likely contains DNA/RNA sequences
Constructing alignment: done in 0.0458782 secs using 91.48% CPU
Alignment has 803 sequences with 11029 columns, 934 distinct patterns
768 parsimony-informative, 114 singleton sites, 10147 constant sites
             Gap/Ambiguity  Composition  p-value
Analyzing sequences: done in 0.00145006 secs using 89.86% CPU
   1  NC_009942.1    0.00%    failed      0.35%
   2  JF920306      83.34%    passed     35.45%
   3  JF488090      83.34%    passed     35.45%
   4  KJ501517      83.34%    passed     35.45%
   5  KJ501497      83.34%    passed     35.45%
   6  KJ501483      83.35%    passed     36.55%
   7  KJ501310      83.34%    passed     35.45%
   8  MH170234      83.34%    passed     35.45%
   9  KX547444      83.34%    passed     35.45%
  10  KX547619      83.34%    passed     35.45%
  11  KJ501334      83.34%    passed     35.45%
  12  KJ501528      83.34%    passed     35.45%
  13  HM488181      83.34%    passed     35.66%
  14  KJ501425      83.34%    passed     35.14%
  15  KJ501364      83.34%    passed     35.14%
  16  KJ501449      83.34%    passed     36.59%
  17  MH166888      83.34%    passed     36.59%
  18  MH166917      83.34%    passed     34.21%
  19  HQ671722      83.34%    passed     35.14%
  20  HM756671      83.34%    passed     36.59%
  21  KX547317      83.34%    passed     36.59%
  22  KJ501246      83.34%    passed     36.27%
  23  KJ501243      83.34%    passed     36.59%
  24  KJ501215      83.34%    passed     36.59%
  25  KX547586      83.34%    passed     34.21%
  26  KX547620      83.34%    passed     33.91%
  27  JF488092      83.34%    passed     34.21%
  28  KJ501395      83.34%    passed     34.41%
  29  DQ080071      83.34%    passed     35.66%
  30  DQ431697      83.35%    passed     35.02%
  31  JN183892      83.34%    passed     35.45%
  32  KJ501469      83.34%    passed     36.59%
  33  KJ501297      83.34%    passed     36.59%
  34  KJ501503      83.34%    passed     36.59%
  35  AY712948      83.34%    passed     36.59%
  36  DQ164205      83.34%    passed     36.59%
  37  DQ164198      83.34%    passed     36.59%
  38  DQ164193      83.34%    passed     36.59%
  39  DQ080052      83.34%    passed     36.59%
  40  MH170237      83.34%    passed     36.59%
  41  KJ501321      83.34%    passed     36.59%
  42  KJ501462      83.34%    passed     36.59%
  43  GU828003      83.34%    passed     36.59%
  44  GU828004      83.34%    passed     36.59%
  45  MH507905      83.34%    passed     36.59%
  46  KJ501405      83.34%    passed     36.80%
  47  HM756650      83.34%    passed     36.80%
  48  KJ501511      83.34%    passed     35.45%
  49  KX547468      83.34%    passed     35.45%
  50  KX547588      83.34%    passed     37.61%
  51  KX547305      83.34%    passed     37.61%
  52  KR348946      83.34%    passed     37.61%
  53  MH507933      83.34%    passed     36.80%
  54  MH507848      83.34%    passed     36.80%
  55  MH507842      83.34%    passed     36.80%
  56  KJ501162      83.34%    passed     37.61%
  57  KJ501419      83.34%    passed     35.84%
  58  JX015516      83.34%    passed     35.84%
  59  MH507934      83.34%    passed     36.27%
  60  MH507912      83.34%    passed     36.27%
  61  KJ501501      83.34%    passed     33.91%
  62  MH507859      83.34%    passed     34.41%
  63  KJ501165      83.34%    passed     35.66%
  64  KJ501164      83.34%    passed     35.66%
  65  KR348988      83.34%    passed     35.66%
  66  KR348978      83.34%    passed     35.66%
  67  MH507995      83.34%    passed     35.75%
  68  MH507946      83.34%    passed     35.75%
  69  MH507988      83.34%    passed     34.21%
  70  MH508013      83.34%    passed     34.21%
  71  KJ501200      83.34%    passed     34.21%
  72  HM488145      83.34%    passed     36.59%
  73  HM488144      83.34%    passed     36.59%
  74  KX547550      83.34%    passed     38.50%
  75  JF920735      83.34%    passed     35.66%
  76  HQ671726      83.34%    passed     35.66%
  77  KJ501522      83.34%    passed     37.82%
  78  DQ080053      83.34%    passed     35.14%
  79  JF957172      83.34%    passed     35.66%
  80  HM488223      83.34%    passed     37.28%
  81  KJ501253      83.36%    passed     35.81%
  82  HQ671740      83.34%    passed     37.61%
  83  GU827999      83.34%    passed     37.82%
  84  KJ501385      83.34%    passed     39.64%
  85  HM488251      83.34%    passed     34.89%
  86  KX547549      83.34%    passed     34.89%
  87  KY782109      83.34%    passed     39.64%
  88  KJ501485      83.34%    passed     33.62%
  89  GQ507471      83.34%    passed     31.72%
  90  KR349014      83.34%    passed     31.75%
  91  HM488154      83.34%    passed     36.27%
  92  HM488152      83.34%    passed     36.27%
  93  HM488119      83.34%    passed     36.27%
  94  HM488115      83.34%    passed     36.27%
  95  HM488120      83.34%    passed     36.27%
  96  HM488226      83.34%    passed     34.73%
  97  JF920744      83.34%    passed     36.80%
  98  JF488089      83.34%    passed     35.75%
  99  KX547403      83.34%    passed     36.27%
 100  KX547526      83.34%    passed     32.88%
 101  KJ145808      83.34%    passed     34.73%
 102  KX547217      83.34%    passed     36.80%
 103  KX547366      83.34%    passed     36.80%
 104  MH819464      83.34%    passed     35.45%
 105  JF488086      83.34%    passed     36.98%
 106  KX547244      83.34%    passed     38.51%
 107  HM488116      83.34%    passed     36.80%
 108  KJ501104      83.34%    passed     37.61%
 109  DQ080055      83.34%    passed     36.59%
 110  MH507757      83.34%    passed     36.59%
 111  KR349024      83.34%    passed     37.61%
 112  GQ379158      83.34%    passed     38.50%
 113  KR348970      83.34%    passed     37.28%
 114  MH507609      83.34%    passed     38.50%
 115  KJ501341      83.34%    passed     37.82%
 116  DQ176637      83.34%    passed     37.28%
 117  GQ507474      83.34%    passed     35.14%
 118  DQ080060      83.34%    passed     39.64%
 119  MH507639      83.34%    passed     37.61%
 120  MH507955      83.34%    passed     37.61%
 121  MH507627      83.34%    passed     36.59%
 122  MH507648      83.34%    passed     36.59%
 123  MH507625      83.34%    passed     38.72%
 124  MH507644      83.34%    passed     39.26%
 125  MH507665      83.34%    passed     38.82%
 126  DQ431710      83.34%    passed     39.26%
 127  MH507647      83.34%    passed     39.48%
 128  MH507610      83.34%    passed     37.61%
 129  MH507646      83.34%    passed     37.82%
 130  KJ501352      83.34%    passed     37.28%
 131  HM488168      83.34%    passed     36.84%
 132  JF920758      83.34%    passed     36.84%
 133  MH819448      83.34%    passed     33.62%
 134  MH166890      83.34%    passed     36.59%
 135  MH166889      83.34%    passed     36.59%
 136  KX547186      83.34%    passed     35.45%
 137  MH170269      83.34%    passed     34.21%
 138  KX547392      83.34%    passed     36.80%
 139  JF920741      83.34%    passed     36.59%
 140  KX547181      83.34%    passed     37.28%
 141  HM488165      83.34%    passed     34.89%
 142  GQ507481      83.34%    passed     31.51%
 143  KX547255      83.34%    passed     39.36%
 144  KX547412      83.34%    passed     39.36%
 145  KC333379      83.34%    passed     39.36%
 146  KC333386      83.34%    passed     39.36%
 147  HM488137      83.34%    passed     36.59%
 148  KJ501317      83.34%    passed     32.59%
 149  KJ501332      83.34%    passed     32.88%
 150  MH166887      83.34%    passed     33.91%
 151  KJ501320      83.34%    passed     36.80%
 152  DQ080072      83.34%    passed     31.65%
 153  KX547252      83.34%    passed     37.28%
 154  KX547414      83.34%    passed     33.91%
 155  JN051153      83.34%    passed     37.82%
 156  JN051152      83.34%    passed     37.82%
 157  KU978769      83.34%    passed     37.82%
 158  KX547256      83.34%    passed     39.64%
 159  KX547309      83.34%    passed     33.86%
 160  DQ431701      83.34%    passed     36.61%
 161  DQ431703      83.36%    passed     37.10%
 162  JF920737      83.34%    passed     34.73%
 163  JF920732      83.34%    passed     34.73%
 164  HM488123      83.34%    passed     35.45%
 165  KX547346      83.34%    passed     38.17%
 166  KX547422      83.34%    passed     39.26%
 167  MH819461      83.34%    passed     35.80%
 168  DQ164201      83.34%    passed     33.91%
 169  MH507939      83.34%    passed     34.21%
 170  MH507913      83.34%    passed     33.91%
 171  MH507928      83.34%    passed     33.51%
 172  MH507843      83.34%    passed     34.21%
 173  MH507831      83.34%    passed     34.21%
 174  KR348992      83.34%    passed     34.21%
 175  KR348986      83.34%    passed     35.45%
 176  MH507841      83.34%    passed     35.66%
 177  MH507830      83.34%    passed     34.41%
 178  MH507774      83.34%    passed     34.21%
 179  MH507761      83.34%    passed     34.21%
 180  KJ145830      83.34%    passed     39.26%
 181  HM756677      83.34%    passed     35.45%
 182  KX547259      83.34%    passed     40.10%
 183  KX547318      83.34%    passed     38.50%
 184  MH819454      83.35%    passed     36.06%
 185  HQ671697      83.34%    passed     32.87%
 186  HM488130      83.34%    passed     34.21%
 187  HQ671711      83.34%    passed     32.88%
 188  KJ501378      83.34%    passed     31.47%
 189  HM488125      83.34%    passed     31.47%
 190  HM756663      83.34%    passed     31.47%
 191  KX547353      83.34%    passed     31.47%
 192  KX547251      83.34%    passed     31.19%
 193  KU978766      83.34%    passed     31.19%
 194  JN716371      83.34%    passed     31.19%
 195  JN716372      83.34%    passed     31.19%
 196  HM488133      83.34%    passed     31.19%
 197  HM488136      83.34%    passed     32.59%
 198  KJ501445      83.34%    passed     34.21%
 199  MH166903      83.34%    passed     30.16%
 200  AF404753      83.34%    passed     32.59%
 201  HM488131      83.34%    passed     34.21%
 202  HQ671715      83.34%    passed     34.21%
 203  DQ080069      83.34%    passed     34.21%
 204  KX547490      83.34%    passed     34.21%
 205  HQ671706      83.34%    passed     32.90%
 206  KX547478      83.34%    passed     31.47%
 207  KX547466      92.06%    passed     30.70%
 208  HM152773      83.34%    passed     31.19%
 209  GQ379160      83.34%    passed     32.59%
 210  AF481864      83.34%    passed     26.91%
 211  HM488252      83.34%    passed     36.80%
 212  KX547193      83.34%    passed     36.80%
 213  KX547509      83.34%    passed     37.61%
 214  KJ145823      83.34%    passed     32.20%
 215  KX547499      83.34%    passed     37.61%
 216  JF415925      83.34%    passed     33.51%
 217  JF415916      83.34%    passed     38.50%
 218  MH170274      83.34%    passed     38.17%
 219  MH819471      83.34%    passed     40.37%
 220  DQ080063      83.34%    passed     37.82%
 221  DQ080064      83.34%    passed     37.82%
 222  DQ080067      83.34%    passed     37.82%
 223  DQ080066      83.34%    passed     37.82%
 224  DQ080070      83.34%    passed     37.82%
 225  DQ080068      83.34%    passed     37.82%
 226  DQ080065      83.34%    passed     37.82%
 227  KJ501106      83.34%    passed     37.90%
 228  KX547596      83.34%    passed     36.59%
 229  MH819468      83.41%    passed     33.05%
 230  HM488163      83.34%    passed     39.26%
 231  KX547498      83.34%    passed     36.59%
 232  KX547568      83.34%    passed     37.28%
 233  JF703163      83.34%    passed     36.59%
 234  MH170253      83.34%    passed     38.82%
 235  HQ671741      83.34%    passed     39.87%
 236  MH170236      83.34%    passed     34.50%
 237  HM488189      83.34%    passed     34.21%
 238  KJ501507      83.34%    passed     35.45%
 239  KJ501298      83.34%    passed     35.45%
 240  HQ671730      83.34%    passed     37.61%
 241  HM488162      83.34%    passed     37.25%
 242  KX547569      83.34%    passed     39.96%
 243  KX547504      83.34%    passed     35.14%
 244  KX547601      83.34%    passed     35.84%
 245  KJ501121      83.34%    passed     36.80%
 246  KJ501124      83.34%    passed     33.07%
 247  KR348944      83.34%    passed     33.07%
 248  KF704147      83.34%    passed     35.66%
 249  MH819457      83.35%    passed     35.77%
 250  MH819458      83.34%    passed     37.61%
 251  MH819451      83.34%    passed     37.61%
 252  KX547533      83.34%    passed     37.28%
 253  JF957163      83.34%    passed     40.10%
 254  MH170244      83.34%    passed     35.17%
 255  MH170239      83.34%    passed     32.07%
 256  JF957169      83.34%    passed     40.10%
 257  MH170255      83.34%    passed     39.58%
 258  KT862843      83.34%    passed     35.14%
 259  MH819455      83.34%    passed     31.28%
 260  KX547243      83.34%    passed     34.18%
 261  MH819469      83.34%    passed     36.80%
 262  JF957185      83.34%    passed     36.80%
 263  KF704158      83.34%    passed     36.89%
 264  MH170261      83.34%    passed     33.27%
 265  KJ501413      83.34%    passed     37.61%
 266  KX547180      83.34%    passed     32.73%
 267  KX547209      83.34%    passed     32.73%
 268  KX547224      83.34%    passed     32.73%
 269  KX547433      83.34%    passed     32.73%
 270  HM488185      83.34%    passed     33.91%
 271  MH170252      83.34%    passed     36.27%
 272  GQ507468      83.35%    passed     37.00%
 273  KY782116      83.34%    passed     35.63%
 274  MF175877      83.37%    passed     36.89%
 275  KY782118      83.34%    passed     38.72%
 276  MF175816      83.34%    passed     37.92%
 277  MF175829      83.34%    passed     37.92%
 278  MH170230      83.34%    passed     32.95%
 279  KX547585      83.34%    passed     37.40%
 280  KX547263      83.34%    passed     42.16%
 281  JF415919      83.34%    passed     33.62%
 282  KJ501241      83.34%    passed     35.95%
 283  KJ501201      83.34%    passed     38.14%
 284  KJ501140      83.34%    passed     38.14%
 285  KR348959      83.34%    passed     38.14%
 286  KR349022      83.34%    passed     38.14%
 287  KJ501137      83.34%    passed     37.76%
 288  KJ501135      83.34%    passed     37.76%
 289  MH507777      83.34%    passed     38.29%
 290  KJ501143      83.34%    passed     37.90%
 291  KJ501100      83.34%    passed     37.92%
 292  MH507800      83.34%    passed     38.72%
 293  KR348915      83.34%    passed     40.82%
 294  KM012175      83.34%    passed     39.58%
 295  KJ501157      83.34%    passed     39.58%
 296  MH507721      83.34%    passed     38.82%
 297  KR348983      83.34%    passed     40.20%
 298  KR348984      83.34%    passed     39.48%
 299  MH507876      83.34%    passed     39.42%
 300  MH508022      83.34%    passed     38.80%
 301  MH507868      83.34%    passed     34.21%
 302  MH507869      83.34%    passed     36.80%
 303  MH507768      83.34%    passed     39.87%
 304  MH507720      83.34%    passed     38.66%
 305  MH507733      83.34%    passed     38.80%
 306  MH507717      83.34%    passed     38.82%
 307  KR348994      83.34%    passed     39.48%
 308  KJ501097      83.34%    passed     35.14%
 309  KR348917      83.34%    passed     35.14%
 310  KR349020      83.34%    passed     35.75%
 311  KR348971      83.34%    passed     40.34%
 312  MH507776      83.34%    passed     39.87%
 313  MH507783      83.34%    passed     38.92%
 314  MH507745      83.34%    passed     39.53%
 315  MH507985      83.34%    passed     39.53%
 316  MH507666      83.35%    passed     38.37%
 317  MH507775      83.34%    passed     40.57%
 318  MH507767      83.34%    passed     36.60%
 319  MH507950      83.34%    passed     39.26%
 320  KR348936      83.34%    passed     35.14%
 321  KR348968      83.34%    passed     33.86%
 322  MH507959      83.34%    passed     36.80%
 323  MH507617      83.34%    passed     40.34%
 324  MH507616      83.34%    passed     36.84%
 325  MH507753      83.34%    passed     36.84%
 326  MH507978      83.34%    passed     38.17%
 327  MH507667      83.34%    passed     38.92%
 328  MH507659      83.34%    passed     38.92%
 329  MH507669      83.34%    passed     39.53%
 330  MH507683      83.34%    passed     39.53%
 331  MH507662      83.34%    passed     38.47%
 332  MH507984      83.34%    passed     38.50%
 333  MH507692      83.34%    passed     38.92%
 334  MH507983      85.66%    passed     45.90%
 335  MH507664      83.35%    passed     39.40%
 336  KJ501410      83.34%    passed     37.72%
 337  JF957174      83.34%    passed     39.26%
 338  MH508003      83.34%    passed     34.21%
 339  KX547270      83.34%    passed     41.05%
 340  KX547355      83.34%    passed     41.05%
 341  KJ145818      83.34%    passed     37.44%
 342  KX547347      83.34%    passed     37.28%
 343  KX547447      83.34%    passed     41.23%
 344  KX547453      83.34%    passed     42.24%
 345  KX547273      83.34%    passed     40.37%
 346  HQ671745      83.34%    passed     38.23%
 347  JQ700442      83.34%    passed     42.41%
 348  KX547242      83.34%    passed     42.41%
 349  KX547369      83.34%    passed     42.41%
 350  KX547380      83.34%    passed     42.41%
 351  KX547574      83.34%    passed     41.52%
 352  KM012182      83.34%    passed     40.37%
 353  MH507970      83.34%    passed     39.80%
 354  KJ786936      83.34%    passed     39.64%
 355  KC333380      83.34%    passed     40.65%
 356  KC333377      83.34%    passed     40.65%
 357  KC333385      83.34%    passed     39.80%
 358  KJ501308      83.34%    passed     40.37%
 359  JF920747      83.34%    passed     38.51%
 360  JQ700439      83.34%    passed     39.64%
 361  MH819450      83.34%    passed     39.64%
 362  KC736498      83.34%    passed     39.64%
 363  KX547556      83.34%    passed     38.51%
 364  MF175812      83.34%    passed     38.51%
 365  KM012184      83.34%    passed     38.23%
 366  KJ501434      83.34%    passed     38.66%
 367  KM012177      83.34%    passed     38.51%
 368  MH819465      83.34%    passed     39.64%
 369  KX547344      83.34%    passed     38.23%
 370  KX547548      83.34%    passed     39.36%
 371  KC736495      83.34%    passed     35.89%
 372  MH819459      83.34%    passed     39.36%
 373  MH819467      83.34%    passed     39.80%
 374  MF175809      83.34%    passed     38.51%
 375  KX547274      83.34%    passed     40.65%
 376  KX547547      83.34%    passed     38.51%
 377  KF367469      83.35%    passed     38.33%
 378  KJ501231      83.34%    passed     37.25%
 379  KM012183      83.34%    passed     39.64%
 380  KJ501226      83.34%    passed     40.82%
 381  KX547473      83.34%    passed     41.52%
 382  MG004536      83.34%    passed     39.64%
 383  KX547167      83.34%    passed     38.23%
 384  MH819453      83.34%    passed     38.45%
 385  MT967988      83.34%    passed     43.51%
 386  KX547269      83.34%    passed     36.98%
 387  KY216150      83.34%    passed     42.76%
 388  KY216149      83.34%    passed     42.76%
 389  KX547559      83.34%    passed     42.76%
 390  KX547206      83.34%    passed     42.52%
 391  MT968008      83.34%    passed     38.96%
 392  KJ501220      83.34%    passed     41.95%
 393  KX547460      83.34%    passed     41.23%
 394  MH819466      83.34%    passed     39.96%
 395  KY216151      83.34%    passed     42.45%
 396  MH819460      83.34%    passed     38.23%
 397  MH819446      83.34%    passed     42.24%
 398  KY782107      83.34%    passed     36.61%
 399  KX547356      83.34%    passed     36.61%
 400  MT968009      83.34%    passed     39.36%
 401  MT968017      83.34%    passed     40.65%
 402  MT967992      83.34%    passed     40.65%
 403  KX547372      83.34%    passed     38.51%
 404  KY229067      83.34%    passed     35.89%
 405  KJ501403      83.34%    passed     32.88%
 406  KX547543      83.34%    passed     29.98%
 407  JF920754      83.34%    passed     35.98%
 408  KX547589      83.34%    passed     35.98%
 409  MH166916      83.34%    passed     35.07%
 410  KC711058      83.34%    passed     33.97%
 411  KC736502      83.34%    passed     34.04%
 412  MH166897      83.34%    passed     35.98%
 413  KX547406      83.34%    passed     36.74%
 414  KJ501533      83.34%    passed     35.91%
 415  KX547337      83.34%    passed     39.48%
 416  KX547515      83.34%    passed     34.00%
 417  KX547582      83.34%    passed     34.04%
 418  MH819447      83.34%    passed     35.95%
 419  JF920759      83.34%    passed     36.78%
 420  MH819456      83.34%    passed     37.40%
 421  MH819449      83.34%    passed     37.40%
 422  KX547200      83.34%    passed     40.20%
 423  MH819463      83.34%    passed     37.40%
 424  MH819470      83.34%    passed     37.40%
 425  KX547555      83.34%    passed     37.88%
 426  KX547430      83.34%    passed     34.00%
 427  KY229070      83.34%    passed     43.59%
 428  MH819452      83.35%    passed     33.56%
 429  HM756660      83.34%    passed     37.61%
 430  JX015518      83.34%    passed     42.24%
 431  JX015520      83.34%    passed     43.46%
 432  KX547215      83.34%    passed     33.82%
 433  KX547294      83.34%    passed     36.84%
 434  JF972636      83.34%    passed     37.14%
 435  KX547191      83.34%    passed     36.49%
 436  KX547219      83.34%    passed     36.87%
 437  MT968031      83.34%    passed     41.05%
 438  MH819462      83.34%    passed     44.32%
 439  KX547529      83.34%    passed     34.50%
 440  KJ501461      83.34%    passed     37.92%
 441  HQ671721      83.34%    passed     36.74%
 442  JX015519      83.34%    passed     42.81%
 443  MH508021      83.34%    passed     36.80%
 444  KJ501158      83.34%    passed     38.51%
 445  KF704153      83.34%    passed     40.65%
 446  KJ501242      83.34%    passed     34.57%
 447  KJ501099      83.34%    passed     37.28%
 448  KR348921      83.34%    passed     37.28%
 449  KJ501178      83.34%    passed     39.58%
 450  MH507652      83.34%    passed     38.82%
 451  MH507735      83.34%    passed     38.82%
 452  KJ501177      83.34%    passed     37.92%
 453  KR349026      83.34%    passed     36.80%
 454  MH507782      83.34%    passed     37.82%
 455  MH507792      83.34%    passed     37.92%
 456  MH507791      83.34%    passed     38.82%
 457  MH507874      83.34%    passed     37.61%
 458  MH507889      83.34%    passed     37.61%
 459  MH508036      83.34%    passed     39.26%
 460  MH508038      83.34%    passed     38.82%
 461  MH507816      89.85%    passed     26.63%
 462  MH507821      83.34%    passed     34.21%
 463  MH507684      83.34%    passed     39.42%
 464  MH507663      83.34%    passed     39.84%
 465  GQ379161      83.34%    passed     30.21%
 466  MF175834      83.39%    passed     36.81%
 467  MF175843      83.38%    passed     37.15%
 468  MF175841      83.37%    passed     33.85%
 469  MF175860      83.38%    passed     37.53%
 470  MF175869      83.38%    passed     36.10%
 471  MF175851      83.37%    passed     37.78%
 472  MF175840      83.38%    passed     36.19%
 473  MF175847      83.37%    passed     36.98%
 474  MF175853      83.40%    passed     36.88%
 475  MF175849      83.39%    passed     34.36%
 476  MH507799      83.34%    passed     44.63%
 477  DQ118127      83.34%    passed     31.47%
 478  MH643887      83.34%    passed     32.82%
 479  MT905060      83.34%    passed     32.82%
 480  AY268133      83.34%    passed     30.95%
 481  KU588135      83.34%    passed     37.81%
 482  AY278442      83.34%    passed     42.34%
 483  MN149538      83.34%    passed     40.25%
 484  AF260969      83.34%    passed     43.43%
 485  AY262283      83.34%    passed     42.81%
 486  KY703854      83.34%    passed     44.95%
 487  HM152775      83.34%    passed     39.99%
 488  AY701412      83.34%    passed     36.85%
 489  KC243146      83.34%    passed     40.29%
 490  LC489409      83.34%    passed     37.22%
 491  FJ766332      83.34%    passed     44.12%
 492  FJ766331      83.34%    passed     44.95%
 493  JF707789      83.34%    passed     40.65%
 494  GU011992      83.34%    passed     36.84%
 495  FJ483548      83.34%    passed     36.27%
 496  FJ483549      83.34%    passed     37.28%
 497  KU573077      83.34%    passed     37.28%
 498  KU573079      83.34%    passed     37.28%
 499  KU573078      83.34%    passed     38.50%
 500  KF234080      83.34%    passed     31.95%
 501  DQ786572      83.34%    passed     40.71%
 502  DQ786573      83.34%    passed     40.71%
 503  AY701413      83.34%    passed     40.65%
 504  MT863559      83.34%    passed     40.15%
 505  JF719069      83.34%    passed     35.73%
 506  JQ928175      83.34%    passed     37.22%
 507  JN858069      83.34%    passed     36.44%
 508  AY268132      83.34%    passed     47.12%
 509  JQ928174      83.34%    passed     34.99%
 510  JX556213      83.34%    passed     35.12%
 511  KF823807      83.34%    passed     37.70%
 512  KF647253      83.34%    passed     37.78%
 513  KC954092      83.34%    passed     37.21%
 514  MF797870      83.34%    passed     24.90%
 515  KJ958922      83.34%    passed     36.16%
 516  GQ851608      83.34%    passed     38.52%
 517  GQ851607      83.34%    passed     45.36%
 518  GQ851606      83.34%    passed     37.99%
 519  JX041634      83.34%    passed     40.10%
 520  DQ374652      83.35%    passed     42.05%
 521  DQ411031      83.34%    passed     41.04%
 522  DQ377179      83.34%    passed     40.10%
 523  DQ411035      83.34%    passed     40.57%
 524  DQ411032      83.34%    passed     40.10%
 525  DQ411034      83.34%    passed     39.87%
 526  DQ374653      83.34%    passed     40.65%
 527  JX442279      83.34%    passed     37.37%
 528  KC601756      83.34%    passed     42.21%
 529  MW915462      83.34%    passed     36.99%
 530  JX041633      83.34%    passed     40.70%
 531  KU978768      83.34%    passed     40.03%
 532  AF260968      83.34%    passed     40.82%
 533  EU249803      83.34%    passed     40.82%
 534  KT163243      83.34%    passed     40.82%
 535  HM051416      83.34%    passed     38.56%
 536  JX041630      83.35%    passed     37.63%
 537  JX041629      83.34%    passed     36.74%
 538  JX041628      83.34%    passed     35.01%
 539  MN954648      83.34%    passed     49.28%
 540  JN887352      83.34%    passed     48.33%
 541  JX123031      83.34%    passed     48.33%
 542  KX394382      83.34%    passed     48.33%
 543  KT934804      83.34%    passed     48.33%
 544  JX123030      83.34%    passed     51.82%
 545  KT934801      83.34%    passed     47.65%
 546  KT934802      83.34%    passed     44.55%
 547  KT934800      83.34%    passed     38.37%
 548  GQ851603      83.34%    passed     37.95%
 549  KT934797      83.34%    passed     38.37%
 550  KT934803      83.34%    passed     37.12%
 551  KX394395      83.34%    passed     37.74%
 552  KT934798      83.34%    passed     33.60%
 553  KT934799      83.34%    passed     32.71%
 554  GQ851602      83.34%    passed     35.14%
 555  KX394396      83.34%    passed     35.14%
 556  KX394397      83.34%    passed     36.85%
 557  KX394398      83.34%    passed     36.85%
 558  KX394399      83.34%    passed     37.00%
 559  KX394400      83.34%    passed     39.88%
 560  KX394401      83.34%    passed     39.88%
 561  KX394402      83.34%    passed     39.88%
 562  KX394406      83.34%    passed     37.46%
 563  KX394393      83.34%    passed     37.46%
 564  KX394407      83.34%    passed     37.46%
 565  KX394392      83.34%    passed     37.46%
 566  KX394403      83.34%    passed     37.46%
 567  KX394405      83.34%    passed     37.46%
 568  KX394409      83.34%    passed     36.44%
 569  KX394404      83.34%    passed     37.81%
 570  KX394408      83.34%    passed     35.57%
 571  KX394410      83.34%    passed     37.46%
 572  KX394411      83.34%    passed     34.60%
 573  KX394390      83.34%    passed     34.60%
 574  KX394391      83.34%    passed     34.60%
 575  KX394384      83.34%    passed     37.02%
 576  KX394385      83.34%    passed     36.13%
 577  KX394386      83.34%    passed     36.13%
 578  KX394389      83.34%    passed     35.57%
 579  KX394387      83.34%    passed     35.16%
 580  KX394388      83.34%    passed     35.16%
 581  KX394381      83.34%    passed     33.92%
 582  KX394383      83.34%    passed     35.16%
 583  KT934796      83.34%    passed     32.12%
 584  KX394394      83.34%    passed     33.62%
 585  MN619803      83.34%    passed     36.30%
 586  MN812759      83.34%    passed     36.30%
 587  MN812758      83.34%    passed     40.44%
 588  MN812757      83.34%    passed     40.44%
 589  MN812760      83.34%    passed     40.44%
 590  MN619800      83.34%    passed     40.44%
 591  MN812762      83.34%    passed     40.44%
 592  MN812761      83.34%    passed     42.21%
 593  FJ425721      83.34%    passed     36.40%
 594  KJ934710      83.34%    passed     40.74%
 595  MH939153      83.34%    passed     41.95%
 596  KT207791      83.35%    passed     38.75%
 597  MH939154      83.34%    passed     51.68%
 598  MN238670      83.34%    passed     25.69%
 599  MN238669      83.34%    passed     22.50%
 600  MN619801      83.34%    passed     46.85%
 601  MN619802      83.34%    passed     38.58%
 602  KM052152      83.34%    passed     27.02%
 603  EF429199      83.34%    passed     27.65%
 604  EF429200      83.34%    passed     33.19%
 605  DQ318020      83.34%    passed     37.49%
 606  MN794938      83.34%    passed     43.19%
 607  MN794939      83.34%    passed     44.99%
 608  LR743424      83.34%    passed     44.99%
 609  LR743423      83.34%    passed     44.99%
 610  LR743430      83.34%    passed     44.99%
 611  LR743429      83.34%    passed     44.99%
 612  LR989885      83.34%    passed     44.99%
 613  LR743458      83.34%    passed     44.99%
 614  LR743426      83.34%    passed     44.99%
 615  LR743432      83.34%    passed     44.99%
 616  LR743433      83.34%    passed     44.99%
 617  LR743456      83.34%    passed     44.99%
 618  LR743435      83.34%    passed     44.99%
 619  LR743427      83.34%    passed     44.99%
 620  LR743443      83.34%    passed     44.99%
 621  LR743428      83.34%    passed     44.99%
 622  LR743447      83.34%    passed     44.99%
 623  LR743453      83.34%    passed     44.99%
 624  MW142227      83.34%    passed     44.99%
 625  MZ964753      83.34%    passed     44.99%
 626  MZ964752      83.34%    passed     44.99%
 627  MH924836      83.34%    passed     42.97%
 628  MH986056      83.34%    passed     42.97%
 629  LR743445      83.34%    passed     46.67%
 630  LR743452      83.34%    passed     46.67%
 631  LR989888      83.34%    passed     42.97%
 632  LR743450      83.34%    passed     42.97%
 633  LR743446      83.34%    passed     43.19%
 634  LR743436      83.34%    passed     46.67%
 635  MW142225      83.34%    passed     46.67%
 636  MW142223      83.34%    passed     46.67%
 637  MN794935      83.34%    passed     48.23%
 638  MW142226      83.34%    passed     46.67%
 639  KM659876      83.34%    passed     42.97%
 640  MF984341      83.34%    passed     42.97%
 641  KP109691      83.34%    passed     42.97%
 642  KM203861      83.34%    passed     44.59%
 643  KM203862      83.34%    passed     41.23%
 644  MH244510      83.34%    passed     46.67%
 645  MH244511      83.34%    passed     48.69%
 646  LR743444      83.34%    passed     37.38%
 647  LR743425      83.34%    passed     39.36%
 648  MN794937      83.34%    passed     48.69%
 649  LR743457      83.34%    passed     48.69%
 650  LR743421      83.34%    passed     48.82%
 651  LR743442      83.34%    passed     44.99%
 652  LR743455      83.34%    passed     48.23%
 653  LR743449      83.34%    passed     42.96%
 654  LR743437      83.34%    passed     44.59%
 655  LR743434      83.34%    passed     44.59%
 656  MF984348      83.34%    passed     44.99%
 657  MF984347      83.34%    passed     40.90%
 658  LR743422      83.34%    passed     41.30%
 659  LR743451      83.34%    passed     50.29%
 660  MW142224      83.34%    passed     52.27%
 661  MZ964751      83.34%    passed     50.46%
 662  MN939559      83.34%    passed     39.30%
 663  MN939558      83.34%    passed     39.30%
 664  MN939563      83.34%    passed     39.30%
 665  MN939564      83.34%    passed     39.30%
 666  KP789956      83.34%    passed     39.30%
 667  MH910045      83.34%    passed     39.30%
 668  MN939562      83.34%    passed     35.53%
 669  MN939557      83.34%    passed     43.11%
 670  MN939561      83.34%    passed     41.37%
 671  KF647249      83.34%    passed     42.97%
 672  KF823805      89.60%    passed     39.95%
 673  KF647252      83.34%    passed     42.97%
 674  KF647251      83.34%    passed     42.97%
 675  KF588365      83.34%    passed     42.97%
 676  KP789960      83.34%    passed     42.97%
 677  KP789958      83.34%    passed     41.23%
 678  KF823806      83.34%    passed     41.23%
 679  KP789953      83.34%    passed     41.23%
 680  KF647250      83.34%    passed     46.94%
 681  JN858070      83.34%    passed     39.23%
 682  KU573081      83.34%    passed     44.91%
 683  MH244512      83.34%    passed     40.90%
 684  MF984340      83.34%    passed     42.97%
 685  KP109692      83.34%    passed     42.97%
 686  MF984342      83.34%    passed     41.23%
 687  MF984337      83.34%    passed     41.23%
 688  MF984344      83.34%    passed     42.97%
 689  MZ605382      83.34%    passed     42.46%
 690  KF179640      83.34%    passed     40.90%
 691  DQ116961      83.34%    passed     39.23%
 692  KP780837      83.34%    passed     41.23%
 693  KT207792      83.34%    passed     42.97%
 694  KP789955      83.34%    passed     42.97%
 695  MF984345      83.34%    passed     46.09%
 696  LR743431      83.34%    passed     44.59%
 697  KM203860      83.34%    passed     44.59%
 698  MF984346      83.34%    passed     41.29%
 699  MF984349      83.34%    passed     44.59%
 700  MF984352      83.34%    passed     42.97%
 701  MF984338      83.34%    passed     42.97%
 702  MF984350      83.34%    passed     42.97%
 703  MF984343      83.34%    passed     42.97%
 704  LR743448      83.34%    passed     43.19%
 705  MW036633      85.38%    passed     31.85%
 706  MW036634      83.34%    passed     43.19%
 707  KM203863      83.34%    passed     43.03%
 708  MH244513      83.34%    passed     35.53%
 709  KP780839      83.35%    passed     37.40%
 710  MN939560      83.34%    passed     37.50%
 711  KP789959      83.34%    passed     41.23%
 712  MT863560      83.34%    passed     41.23%
 713  MT863561      83.34%    passed     37.48%
 714  KP789957      83.34%    passed     44.91%
 715  KF647248      89.50%    passed     44.18%
 716  KU573080      83.36%    passed     40.99%
 717  KU573083      83.36%    passed     40.99%
 718  KU573082      83.34%    passed     38.97%
 719  MK947396      83.34%    passed     38.79%
 720  LR743454      83.34%    passed     41.66%
 721  KP789954      83.34%    passed     42.83%
 722  MF984351      83.34%    passed     42.46%
 723  MF984339      83.34%    passed     41.06%
 724  KC407673      83.34%    passed     42.83%
 725  KC496016      83.34%    passed     45.20%
 726  KT359349      83.34%    passed     46.09%
 727  KP780838      83.34%    passed     49.63%
 728  KT757321      83.34%    passed     47.55%
 729  KT757322      83.34%    passed     47.55%
 730  KT757323      83.34%    passed     46.11%
 731  KT757320      83.34%    passed     49.82%
 732  KC496015      83.34%    passed     46.68%
 733  KX375812      83.34%    passed     47.55%
 734  KT757319      83.34%    passed     44.69%
 735  KT757318      83.34%    passed     44.69%
 736  MT341470      83.34%    passed     47.55%
 737  MT341471      83.34%    passed     47.55%
 738  MN652879      83.34%    passed     49.82%
 739  MN480792      83.34%    passed     49.82%
 740  MN652878      83.34%    passed     49.82%
 741  MN480793      83.34%    passed     49.82%
 742  MN481589      83.34%    passed     49.82%
 743  MN652880      83.34%    passed     51.16%
 744  MN480795      83.35%    passed     53.92%
 745  MN481590      83.34%    passed     51.16%
 746  KJ883342      83.34%    passed     48.85%
 747  KJ883347      85.33%    passed     59.22%
 748  KJ883345      83.34%    passed     48.85%
 749  KF179639      83.34%    passed     48.85%
 750  KJ883343      83.34%    passed     48.85%
 751  KJ883344      83.34%    passed     48.85%
 752  KJ883348      83.34%    passed     48.85%
 753  KJ883349      83.34%    passed     48.85%
 754  KJ883350      83.34%    passed     41.64%
 755  KJ577739      83.34%    passed     40.50%
 756  KJ577738      83.34%    passed     39.23%
 757  MN481594      83.34%    passed     39.23%
 758  KJ883346      83.34%    passed     37.85%
 759  HQ537483      83.34%    passed     42.33%
 760  MN481595      83.34%    passed     44.53%
 761  KY594040      83.34%    passed     45.23%
 762  MN481597      83.34%    passed     38.54%
 763  MN481593      83.34%    passed     38.12%
 764  MN481592      83.34%    passed     36.91%
 765  MN481596      83.34%    passed     44.91%
 766  MK473443      83.34%    passed     43.85%
 767  MH549209      83.34%    passed     43.85%
 768  KU206781      83.37%    passed     41.22%
 769  MN481591      83.34%    passed     47.55%
 770  MK947397      83.34%    passed     44.59%
 771  MH021189      83.34%    passed     45.20%
 772  MN480794      83.34%    passed     44.07%
 773  MH986055      83.34%    passed     54.65%
 774  MT341472      83.34%    passed     46.67%
 775  KP780840      83.34%    passed     52.36%
 776  JX041631      83.34%    passed     44.91%
 777  DQ318019      83.34%    passed     43.03%
 778  AY532665      83.34%    passed     39.02%
 779  EF429198      83.34%    passed     32.71%
 780  EF429197      83.34%    passed     55.65%
 781  KY523178      83.34%    passed     46.02%
 782  JN393308      83.34%    passed     34.20%
 783  LC318700      83.34%    passed     50.17%
 784  MW383508      83.34%    passed     51.75%
 785  HM147824      83.34%    passed     38.63%
 786  HM147823      83.34%    passed     37.99%
 787  KU978767      83.34%    passed     37.99%
 788  HM147822      83.34%    passed     22.35%
 789  MW383507      83.34%    passed     35.51%
 790  GQ903680      83.37%    passed     27.77%
 791  DQ176636      83.34%    passed     66.42%
 792  JX041632      83.34%    passed     30.62%
 793  DQ256376      83.34%    passed     30.99%
 794  KU978770      83.34%    passed     28.09%
 795  GQ851605      83.34%    passed     34.91%
 796  GQ851604      83.34%    passed     35.86%
 797  KY703856      83.34%    passed     83.95%
 798  AY765264      83.34%    passed     97.07%
 799  KY703855      83.34%    passed     58.60%
 800  FJ159130      83.34%    failed      3.22%
 801  FJ159129      83.34%    failed      3.48%
 802  FJ159131      83.34%    failed      2.72%
 803  KJ831223      83.34%    passed     41.35%
WARNING: 802 sequences contain more than 50% gaps/ambiguity
****  TOTAL         83.28%  4 sequences failed composition chi2 test (p-value<5%; df=3)
NOTE: KJ501517 is identical to JF488090 but kept for subsequent analysis
NOTE: KJ501215 is identical to KJ501243 but kept for subsequent analysis
NOTE: KJ501297 is identical to KJ501469 but kept for subsequent analysis
NOTE: MH507848 is identical to MH507933 but kept for subsequent analysis
NOTE: JX015516 is identical to KJ501419 but kept for subsequent analysis
NOTE: MH507912 is identical to MH507934 but kept for subsequent analysis
NOTE: KJ501164 is identical to KJ501165 but kept for subsequent analysis
NOTE: MH507946 is identical to MH507995 but kept for subsequent analysis
NOTE: KJ501200 is identical to MH508013 but kept for subsequent analysis
NOTE: HM488144 is identical to HM488145 but kept for subsequent analysis
NOTE: HQ671726 is identical to JF920735 but kept for subsequent analysis
NOTE: KX547549 is identical to HM488251 but kept for subsequent analysis
NOTE: HM488152 is identical to HM488154 but kept for subsequent analysis
NOTE: MH507757 is identical to DQ080055 but kept for subsequent analysis
NOTE: MH507955 is identical to MH507639 but kept for subsequent analysis
NOTE: MH166889 is identical to MH166890 but kept for subsequent analysis
NOTE: KX547412 is identical to KX547255 but kept for subsequent analysis
NOTE: JN051152 is identical to JN051153 but kept for subsequent analysis
NOTE: JF920732 is identical to JF920737 but kept for subsequent analysis
NOTE: MH507831 is identical to MH507843 but kept for subsequent analysis
NOTE: HM488125 is identical to KJ501378 but kept for subsequent analysis
NOTE: JN716371 is identical to KU978766 but kept for subsequent analysis
NOTE: DQ080064 is identical to DQ080063 but kept for subsequent analysis
NOTE: KJ501298 is identical to KJ501507 but kept for subsequent analysis
NOTE: KR348944 is identical to KJ501124 but kept for subsequent analysis
NOTE: MH819451 is identical to MH819458 but kept for subsequent analysis
NOTE: KX547209 is identical to KX547180 but kept for subsequent analysis
NOTE: MF175829 is identical to MF175816 but kept for subsequent analysis
NOTE: KJ501140 is identical to KJ501201 but kept for subsequent analysis
NOTE: KJ501135 is identical to KJ501137 but kept for subsequent analysis
NOTE: KJ501157 is identical to KM012175 but kept for subsequent analysis
NOTE: KR348917 is identical to KJ501097 but kept for subsequent analysis
NOTE: MH507659 is identical to MH507667 but kept for subsequent analysis
NOTE: KX547355 is identical to KX547270 but kept for subsequent analysis
NOTE: KX547242 is identical to JQ700442 but kept for subsequent analysis
NOTE: KC333377 is identical to KC333380 but kept for subsequent analysis
NOTE: MF175812 is identical to KX547556 but kept for subsequent analysis
NOTE: KY216149 is identical to KY216150 but kept for subsequent analysis
NOTE: KX547589 is identical to JF920754 but kept for subsequent analysis
NOTE: MH819449 is identical to MH819456 but kept for subsequent analysis
NOTE: MH819470 is identical to MH819463 but kept for subsequent analysis
NOTE: KR348921 is identical to KJ501099 but kept for subsequent analysis
NOTE: MH507889 is identical to MH507874 but kept for subsequent analysis
NOTE: KU573077 is identical to FJ483549 but kept for subsequent analysis
NOTE: DQ786573 is identical to DQ786572 but kept for subsequent analysis
NOTE: EU249803 is identical to AF260968 but kept for subsequent analysis
NOTE: JX123031 is identical to JN887352 but kept for subsequent analysis
NOTE: KX394398 is identical to KX394397 but kept for subsequent analysis
NOTE: KX394401 is identical to KX394400 but kept for subsequent analysis
NOTE: KX394393 is identical to KX394406 but kept for subsequent analysis
NOTE: KX394390 is identical to KX394411 but kept for subsequent analysis
NOTE: KX394386 is identical to KX394385 but kept for subsequent analysis
NOTE: KX394388 is identical to KX394387 but kept for subsequent analysis
NOTE: MN812759 is identical to MN619803 but kept for subsequent analysis
NOTE: MN812757 is identical to MN812758 but kept for subsequent analysis
NOTE: LR743424 is identical to MN794939 but kept for subsequent analysis
NOTE: MH986056 is identical to MH924836 but kept for subsequent analysis
NOTE: LR743452 is identical to LR743445 but kept for subsequent analysis
NOTE: MF984341 is identical to KM659876 but kept for subsequent analysis
NOTE: LR743434 is identical to LR743437 but kept for subsequent analysis
NOTE: MN939558 is identical to MN939559 but kept for subsequent analysis
NOTE: KF647252 is identical to KF647249 but kept for subsequent analysis
NOTE: KF823806 is identical to KP789958 but kept for subsequent analysis
NOTE: KP109692 is identical to MF984340 but kept for subsequent analysis
NOTE: MF984337 is identical to MF984342 but kept for subsequent analysis
NOTE: KM203860 is identical to LR743431 but kept for subsequent analysis
NOTE: MF984350 is identical to MF984338 but kept for subsequent analysis
NOTE: KT757322 is identical to KT757321 but kept for subsequent analysis
NOTE: KT757318 is identical to KT757319 but kept for subsequent analysis
NOTE: MT341471 is identical to MT341470 but kept for subsequent analysis
NOTE: MN480792 is identical to MN652879 but kept for subsequent analysis
NOTE: KJ883345 is identical to KJ883342 but kept for subsequent analysis
NOTE: MN481594 is identical to KJ577738 but kept for subsequent analysis
NOTE: MH549209 is identical to MK473443 but kept for subsequent analysis
NOTE: KU978767 is identical to HM147823 but kept for subsequent analysis
Checking for duplicate sequences: done in 0.00514698 secs using 88.25% CPU
Identifying sites to remove: done in 0.0355361 secs using 96.81% CPU
NOTE: 90 identical sequences (see below) will be ignored for subsequent analysis
NOTE: KJ501497 (identical to JF488090) is ignored but added at the end
NOTE: KJ501310 (identical to JF488090) is ignored but added at the end
NOTE: MH170234 (identical to JF488090) is ignored but added at the end
NOTE: KX547444 (identical to JF488090) is ignored but added at the end
NOTE: KX547619 (identical to JF488090) is ignored but added at the end
NOTE: KJ501334 (identical to JF488090) is ignored but added at the end
NOTE: KJ501528 (identical to JF488090) is ignored but added at the end
NOTE: KJ501503 (identical to KJ501469) is ignored but added at the end
NOTE: AY712948 (identical to KJ501469) is ignored but added at the end
NOTE: DQ164205 (identical to KJ501469) is ignored but added at the end
NOTE: DQ164198 (identical to KJ501469) is ignored but added at the end
NOTE: DQ164193 (identical to KJ501469) is ignored but added at the end
NOTE: DQ080052 (identical to KJ501469) is ignored but added at the end
NOTE: MH170237 (identical to KJ501469) is ignored but added at the end
NOTE: KJ501321 (identical to KJ501469) is ignored but added at the end
NOTE: KJ501462 (identical to KJ501469) is ignored but added at the end
NOTE: GU828003 (identical to KJ501469) is ignored but added at the end
NOTE: GU828004 (identical to KJ501469) is ignored but added at the end
NOTE: MH507905 (identical to KJ501469) is ignored but added at the end
NOTE: MH507842 (identical to MH507933) is ignored but added at the end
NOTE: KR348988 (identical to KJ501165) is ignored but added at the end
NOTE: KR348978 (identical to KJ501165) is ignored but added at the end
NOTE: HM488119 (identical to HM488154) is ignored but added at the end
NOTE: HM488115 (identical to HM488154) is ignored but added at the end
NOTE: HM488120 (identical to HM488154) is ignored but added at the end
NOTE: KC333379 (identical to KX547255) is ignored but added at the end
NOTE: KC333386 (identical to KX547255) is ignored but added at the end
NOTE: KU978769 (identical to JN051153) is ignored but added at the end
NOTE: KR348992 (identical to MH507843) is ignored but added at the end
NOTE: HM756663 (identical to KJ501378) is ignored but added at the end
NOTE: KX547353 (identical to KJ501378) is ignored but added at the end
NOTE: JN716372 (identical to KU978766) is ignored but added at the end
NOTE: DQ080067 (identical to DQ080063) is ignored but added at the end
NOTE: DQ080066 (identical to DQ080063) is ignored but added at the end
NOTE: DQ080070 (identical to DQ080063) is ignored but added at the end
NOTE: DQ080068 (identical to DQ080063) is ignored but added at the end
NOTE: DQ080065 (identical to DQ080063) is ignored but added at the end
NOTE: KX547224 (identical to KX547180) is ignored but added at the end
NOTE: KX547433 (identical to KX547180) is ignored but added at the end
NOTE: KR348959 (identical to KJ501201) is ignored but added at the end
NOTE: KR349022 (identical to KJ501201) is ignored but added at the end
NOTE: KX547369 (identical to JQ700442) is ignored but added at the end
NOTE: KX547380 (identical to JQ700442) is ignored but added at the end
NOTE: KT163243 (identical to AF260968) is ignored but added at the end
NOTE: KX394382 (identical to JN887352) is ignored but added at the end
NOTE: KX394402 (identical to KX394400) is ignored but added at the end
NOTE: KX394407 (identical to KX394406) is ignored but added at the end
NOTE: KX394392 (identical to KX394406) is ignored but added at the end
NOTE: KX394403 (identical to KX394406) is ignored but added at the end
NOTE: KX394405 (identical to KX394406) is ignored but added at the end
NOTE: KX394391 (identical to KX394411) is ignored but added at the end
NOTE: MN812760 (identical to MN812758) is ignored but added at the end
NOTE: MN619800 (identical to MN812758) is ignored but added at the end
NOTE: MN812762 (identical to MN812758) is ignored but added at the end
NOTE: LR743423 (identical to MN794939) is ignored but added at the end
NOTE: LR743430 (identical to MN794939) is ignored but added at the end
NOTE: LR743429 (identical to MN794939) is ignored but added at the end
NOTE: LR989885 (identical to MN794939) is ignored but added at the end
NOTE: LR743458 (identical to MN794939) is ignored but added at the end
NOTE: LR743426 (identical to MN794939) is ignored but added at the end
NOTE: LR743432 (identical to MN794939) is ignored but added at the end
NOTE: LR743433 (identical to MN794939) is ignored but added at the end
NOTE: LR743456 (identical to MN794939) is ignored but added at the end
NOTE: LR743435 (identical to MN794939) is ignored but added at the end
NOTE: LR743427 (identical to MN794939) is ignored but added at the end
NOTE: LR743443 (identical to MN794939) is ignored but added at the end
NOTE: LR743428 (identical to MN794939) is ignored but added at the end
NOTE: LR743447 (identical to MN794939) is ignored but added at the end
NOTE: LR743453 (identical to MN794939) is ignored but added at the end
NOTE: MW142227 (identical to MN794939) is ignored but added at the end
NOTE: MZ964753 (identical to MN794939) is ignored but added at the end
NOTE: MZ964752 (identical to MN794939) is ignored but added at the end
NOTE: KP109691 (identical to KM659876) is ignored but added at the end
NOTE: MN939563 (identical to MN939559) is ignored but added at the end
NOTE: MN939564 (identical to MN939559) is ignored but added at the end
NOTE: KP789956 (identical to MN939559) is ignored but added at the end
NOTE: MH910045 (identical to MN939559) is ignored but added at the end
NOTE: KF647251 (identical to KF647249) is ignored but added at the end
NOTE: KF588365 (identical to KF647249) is ignored but added at the end
NOTE: KP789960 (identical to KF647249) is ignored but added at the end
NOTE: KP789953 (identical to KP789958) is ignored but added at the end
NOTE: MF984343 (identical to MF984338) is ignored but added at the end
NOTE: MN652878 (identical to MN652879) is ignored but added at the end
NOTE: MN480793 (identical to MN652879) is ignored but added at the end
NOTE: MN481589 (identical to MN652879) is ignored but added at the end
NOTE: KF179639 (identical to KJ883342) is ignored but added at the end
NOTE: KJ883343 (identical to KJ883342) is ignored but added at the end
NOTE: KJ883344 (identical to KJ883342) is ignored but added at the end
NOTE: KJ883348 (identical to KJ883342) is ignored but added at the end
NOTE: KJ883349 (identical to KJ883342) is ignored but added at the end
Alignment was printed to results/aligned-delim.fasta.uniqueseq.phy

For your convenience alignment with unique sequences printed to results/aligned-delim.fasta.uniqueseq.phy

Create initial parsimony tree by phylogenetic likelihood library (PLL)... 0.010 seconds

NOTE: 21 MB RAM (0 GB) is required!
Estimate model parameters (epsilon = 0.500)
1. Initial log-likelihood: -422391.951
2. Current log-likelihood: -316208.810
3. Current log-likelihood: -315279.700
4. Current log-likelihood: -315278.464
Optimal log-likelihood: -315278.290
Rate parameters:  A-C: 1.74756  A-G: 4.04648  A-T: 2.07416  C-G: 1.08853  C-T: 8.23722  G-T: 1.00000
Base frequencies:  A: 0.283  C: 0.231  G: 0.276  T: 0.210
Parameters optimization took 4 rounds (2.210 sec)
Wrote distance file to... 
Computing ML distances based on estimated model parameters...
Calculating distance matrix: done in 0.961817 secs using 98.77% CPU
Computing ML distances took 0.964764 sec (of wall-clock time) 0.952199 sec (of CPU time)
Setting up auxiliary I and S matrices: done in 0.0083499 secs using 191.2% CPU
Constructing RapidNJ tree: done in 0.0195301 secs using 192.1% CPU
Computing RapidNJ tree took 0.027967 sec (of wall-clock time) 0.053531 sec (of CPU time)
Log-likelihood of RapidNJ tree: -46613.051
--------------------------------------------------------------------
|             INITIALIZING CANDIDATE TREE SET                      |
--------------------------------------------------------------------

Do NNI search on 2 best initial trees
Optimizing NNI: done in 1.35946 secs using 98.52% CPU
Estimate model parameters (epsilon = 0.500)
BETTER TREE FOUND at iteration 1: -45746.323
Optimizing NNI: done in 5.66556 secs using 99.3% CPU
Finish initializing candidate tree set (4)
Current best tree score: -45746.323 / CPU time: 8.673
Number of iterations: 2
TREE SEARCH COMPLETED AFTER 2 ITERATIONS / Time: 0h:0m:12s

--------------------------------------------------------------------
|                    FINALIZING TREE SEARCH                        |
--------------------------------------------------------------------
Performs final model parameters optimization
Estimate model parameters (epsilon = 0.050)
1. Initial log-likelihood: -45746.323
Optimal log-likelihood: -45746.320
Rate parameters:  A-C: 1.42168  A-G: 4.99177  A-T: 1.35723  C-G: 0.60369  C-T: 13.30624  G-T: 1.00000
Base frequencies:  A: 0.283  C: 0.231  G: 0.276  T: 0.210
Parameters optimization took 1 rounds (0.188 sec)
BEST SCORE FOUND : -45746.320
Total tree length: 3.189

Total number of iterations: 2
CPU time used for tree search: 8.593 sec (0h:0m:8s)
Wall-clock time used for tree search: 8.674 sec (0h:0m:8s)
Total CPU time used: 12.833 sec (0h:0m:12s)
Total wall-clock time used: 12.914 sec (0h:0m:12s)

Analysis results written to: 
  IQ-TREE report:                results/aligned-delim.fasta.iqtree
  Maximum-likelihood tree:       results/aligned-delim.fasta.treefile
  Likelihood distances:          results/aligned-delim.fasta.mldist
  Screen log file:               results/aligned-delim.fasta.log

Date and Time: Sun Jan 30 11:56:33 2022
