IQ-TREE multicore version 2.2.0-beta COVID-edition for Mac OS X 64-bit built Dec 21 2021 built Dec 21 2021
Developed by Bui Quang Minh, James Barbetti, Nguyen Lam Tung,
Olga Chernomor, Heiko Schmidt, Dominik Schrempf, Michael Woodhams, Ly Trong Nhan.

Host:    users-MacBook.local (SSE4.2, 16 GB RAM)
Command: iqtree2 -ntmax 1 -s results/masked-delim.fasta -m GTR -ninit 2 -n 2 -me 0.05 -nt AUTO -redo
Seed:    559428 (Using SPRNG - Scalable Parallel Random Number Generator)
Time:    Tue Sep 12 16:59:33 2023
Kernel:  SSE2 - auto-detect threads (8 CPU cores detected)

Reading alignment file results/masked-delim.fasta ... Fasta format detected
Reading fasta file: done in 0.00981021 secs using 92.71% CPU
Alignment most likely contains DNA/RNA sequences
Constructing alignment: done in 0.0153091 secs using 61.63% CPU
WARNING: 634 sites contain only gaps or ambiguous characters.
Alignment has 55 sequences with 11029 columns, 615 distinct patterns
233 parsimony-informative, 568 singleton sites, 10228 constant sites
                                                                                                                                                                                                                                                                                                Gap/Ambiguity  Composition  p-value
Analyzing sequences: done in 0.000241995 secs using 78.93% CPU
   1  NC_009942.1                                                                                                                                                                                                                                                                                       5.75%    passed     99.93%
   2  GQ379160_DELIM-NEDZKFPWTLXKMZJLWKEF_2006_DELIM-NEDZKFPWTLXKMZJLWKEF_Argentina_DELIM-NEDZKFPWTLXKMZJLWKEF_ARG_DELIM-NEDZKFPWTLXKMZJLWKEF_B_DELIM-NEDZKFPWTLXKMZJLWKEF_San-Antonio-De-Areco_DELIM-NEDZKFPWTLXKMZJLWKEF_NY99_DELIM-NEDZKFPWTLXKMZJLWKEF_unknown_DELIM-NEDZKFPWTLXKMZJLWKEF_Horse     6.62%    passed    100.00%
   3  MH643887_DELIM-NEDZKFPWTLXKMZJLWKEF_2018_DELIM-NEDZKFPWTLXKMZJLWKEF_Brazil_DELIM-NEDZKFPWTLXKMZJLWKEF_BRA_DELIM-NEDZKFPWTLXKMZJLWKEF_ES_DELIM-NEDZKFPWTLXKMZJLWKEF_Sao-Mateus_DELIM-NEDZKFPWTLXKMZJLWKEF_NY99_DELIM-NEDZKFPWTLXKMZJLWKEF_unknown_DELIM-NEDZKFPWTLXKMZJLWKEF_Horse                 6.62%    passed    100.00%
   4  KF367469_DELIM-NEDZKFPWTLXKMZJLWKEF_2013_DELIM-NEDZKFPWTLXKMZJLWKEF_British                                                                                                                                                                                                                       6.62%    passed    100.00%
   5  DQ080065_DELIM-NEDZKFPWTLXKMZJLWKEF_2003_DELIM-NEDZKFPWTLXKMZJLWKEF_Mexico_DELIM-NEDZKFPWTLXKMZJLWKEF_MEX_DELIM-NEDZKFPWTLXKMZJLWKEF_BCN_DELIM-NEDZKFPWTLXKMZJLWKEF_Unknown_DELIM-NEDZKFPWTLXKMZJLWKEF_SW03_DELIM-NEDZKFPWTLXKMZJLWKEF_unknown_DELIM-NEDZKFPWTLXKMZJLWKEF_Bird-other              6.62%    passed    100.00%
   6  DQ080070_DELIM-NEDZKFPWTLXKMZJLWKEF_2003_DELIM-NEDZKFPWTLXKMZJLWKEF_Mexico_DELIM-NEDZKFPWTLXKMZJLWKEF_MEX_DELIM-NEDZKFPWTLXKMZJLWKEF_SON_DELIM-NEDZKFPWTLXKMZJLWKEF_Unknown_DELIM-NEDZKFPWTLXKMZJLWKEF_SW03_DELIM-NEDZKFPWTLXKMZJLWKEF_unknown_DELIM-NEDZKFPWTLXKMZJLWKEF_Bird-other              6.62%    passed     99.98%
   7  JX015518_DELIM-NEDZKFPWTLXKMZJLWKEF_2008_DELIM-NEDZKFPWTLXKMZJLWKEF_Mexico_DELIM-NEDZKFPWTLXKMZJLWKEF_MEX_DELIM-NEDZKFPWTLXKMZJLWKEF_CHH_DELIM-NEDZKFPWTLXKMZJLWKEF_Ciudad-Juarez_DELIM-NEDZKFPWTLXKMZJLWKEF_SW03_DELIM-NEDZKFPWTLXKMZJLWKEF_unknown_DELIM-NEDZKFPWTLXKMZJLWKEF_Mosquito-Culex    6.62%    passed     99.98%
   8  MH819469_DELIM-NEDZKFPWTLXKMZJLWKEF_2006_DELIM-NEDZKFPWTLXKMZJLWKEF_Canada_DELIM-NEDZKFPWTLXKMZJLWKEF_CAN_DELIM-NEDZKFPWTLXKMZJLWKEF_QC_DELIM-NEDZKFPWTLXKMZJLWKEF_Cote-St-Luc-Hamstead_DELIM-NEDZKFPWTLXKMZJLWKEF_WN02_DELIM-NEDZKFPWTLXKMZJLWKEF_unknown_DELIM-NEDZKFPWTLXKMZJLWKEF_Aedes       6.62%    passed    100.00%
   9  JN716371_DELIM-NEDZKFPWTLXKMZJLWKEF_2008_DELIM-NEDZKFPWTLXKMZJLWKEF_Colombia_DELIM-NEDZKFPWTLXKMZJLWKEF_COL_DELIM-NEDZKFPWTLXKMZJLWKEF_ANT_DELIM-NEDZKFPWTLXKMZJLWKEF_Medellin_DELIM-NEDZKFPWTLXKMZJLWKEF_NY99_DELIM-NEDZKFPWTLXKMZJLWKEF_unknown_DELIM-NEDZKFPWTLXKMZJLWKEF_Bird-other           6.62%    passed     99.99%
  10  DQ080069_DELIM-NEDZKFPWTLXKMZJLWKEF_2003_DELIM-NEDZKFPWTLXKMZJLWKEF_Mexico_DELIM-NEDZKFPWTLXKMZJLWKEF_MEX_DELIM-NEDZKFPWTLXKMZJLWKEF_TAM_DELIM-NEDZKFPWTLXKMZJLWKEF_Unknown_DELIM-NEDZKFPWTLXKMZJLWKEF_SW03_DELIM-NEDZKFPWTLXKMZJLWKEF_unknown_DELIM-NEDZKFPWTLXKMZJLWKEF_Horse                   6.62%    passed    100.00%
  11  DQ164200_DELIM-NEDZKFPWTLXKMZJLWKEF_2002_DELIM-NEDZKFPWTLXKMZJLWKEF_USA_DELIM-NEDZKFPWTLXKMZJLWKEF_IN_DELIM-NEDZKFPWTLXKMZJLWKEF_Hendricks_DELIM-NEDZKFPWTLXKMZJLWKEF_WN02_DELIM-NEDZKFPWTLXKMZJLWKEF_unknown_DELIM-NEDZKFPWTLXKMZJLWKEF_Human                                                    6.62%    passed    100.00%
  12  AF481864_DELIM-NEDZKFPWTLXKMZJLWKEF_1998_DELIM-NEDZKFPWTLXKMZJLWKEF_Israel_DELIM-NEDZKFPWTLXKMZJLWKEF_ISR_DELIM-NEDZKFPWTLXKMZJLWKEF_D_DELIM-NEDZKFPWTLXKMZJLWKEF_Eilat_DELIM-NEDZKFPWTLXKMZJLWKEF_pre-NY_DELIM-NEDZKFPWTLXKMZJLWKEF_unknown_DELIM-NEDZKFPWTLXKMZJLWKEF_Bird-other                6.62%    passed     99.95%
  13  JF957182_DELIM-NEDZKFPWTLXKMZJLWKEF_2009_DELIM-NEDZKFPWTLXKMZJLWKEF_USA_DELIM-NEDZKFPWTLXKMZJLWKEF_TX_DELIM-NEDZKFPWTLXKMZJLWKEF_Unknown_DELIM-NEDZKFPWTLXKMZJLWKEF_WN02_DELIM-NEDZKFPWTLXKMZJLWKEF_unknown_DELIM-NEDZKFPWTLXKMZJLWKEF_Human                                                      6.62%    passed    100.00%
  14  KJ501233_DELIM-NEDZKFPWTLXKMZJLWKEF_2001_DELIM-NEDZKFPWTLXKMZJLWKEF_USA_DELIM-NEDZKFPWTLXKMZJLWKEF_AR_DELIM-NEDZKFPWTLXKMZJLWKEF_Union_DELIM-NEDZKFPWTLXKMZJLWKEF_NY99_DELIM-NEDZKFPWTLXKMZJLWKEF_unknown_DELIM-NEDZKFPWTLXKMZJLWKEF_Bird-other                                                   6.62%    passed     99.90%
  15  KJ501278_DELIM-NEDZKFPWTLXKMZJLWKEF_2001_DELIM-NEDZKFPWTLXKMZJLWKEF_USA_DELIM-NEDZKFPWTLXKMZJLWKEF_PA_DELIM-NEDZKFPWTLXKMZJLWKEF_Unknown_DELIM-NEDZKFPWTLXKMZJLWKEF_NY99_DELIM-NEDZKFPWTLXKMZJLWKEF_unknown_DELIM-NEDZKFPWTLXKMZJLWKEF_Bird-crow                                                  6.62%    passed     99.90%
  16  KJ501286_DELIM-NEDZKFPWTLXKMZJLWKEF_2002_DELIM-NEDZKFPWTLXKMZJLWKEF_USA_DELIM-NEDZKFPWTLXKMZJLWKEF_WI_DELIM-NEDZKFPWTLXKMZJLWKEF_Milwaukee_DELIM-NEDZKFPWTLXKMZJLWKEF_WN02_DELIM-NEDZKFPWTLXKMZJLWKEF_unknown_DELIM-NEDZKFPWTLXKMZJLWKEF_Bird-other                                               6.62%    passed     99.81%
  17  KJ501318_DELIM-NEDZKFPWTLXKMZJLWKEF_2002_DELIM-NEDZKFPWTLXKMZJLWKEF_USA_DELIM-NEDZKFPWTLXKMZJLWKEF_MD_DELIM-NEDZKFPWTLXKMZJLWKEF_Unknown_DELIM-NEDZKFPWTLXKMZJLWKEF_NY99_DELIM-NEDZKFPWTLXKMZJLWKEF_unknown_DELIM-NEDZKFPWTLXKMZJLWKEF_Bird-crow                                                  6.62%    passed     99.92%
  18  KJ501301_DELIM-NEDZKFPWTLXKMZJLWKEF_2002_DELIM-NEDZKFPWTLXKMZJLWKEF_USA_DELIM-NEDZKFPWTLXKMZJLWKEF_KS_DELIM-NEDZKFPWTLXKMZJLWKEF_Unknown_DELIM-NEDZKFPWTLXKMZJLWKEF_WN02_DELIM-NEDZKFPWTLXKMZJLWKEF_unknown_DELIM-NEDZKFPWTLXKMZJLWKEF_Bird-other                                                 6.62%    passed     99.47%
  19  KJ501302_DELIM-NEDZKFPWTLXKMZJLWKEF_2002_DELIM-NEDZKFPWTLXKMZJLWKEF_USA_DELIM-NEDZKFPWTLXKMZJLWKEF_KY_DELIM-NEDZKFPWTLXKMZJLWKEF_Unknown_DELIM-NEDZKFPWTLXKMZJLWKEF_WN02_DELIM-NEDZKFPWTLXKMZJLWKEF_unknown_DELIM-NEDZKFPWTLXKMZJLWKEF_Bird-other                                                 6.62%    passed     99.58%
  20  KJ501312_DELIM-NEDZKFPWTLXKMZJLWKEF_2003_DELIM-NEDZKFPWTLXKMZJLWKEF_USA_DELIM-NEDZKFPWTLXKMZJLWKEF_VA_DELIM-NEDZKFPWTLXKMZJLWKEF_Unknown_DELIM-NEDZKFPWTLXKMZJLWKEF_WN02_DELIM-NEDZKFPWTLXKMZJLWKEF_unknown_DELIM-NEDZKFPWTLXKMZJLWKEF_Bird-crow                                                  6.62%    passed    100.00%
  21  KJ501276_DELIM-NEDZKFPWTLXKMZJLWKEF_2002_DELIM-NEDZKFPWTLXKMZJLWKEF_USA_DELIM-NEDZKFPWTLXKMZJLWKEF_OH_DELIM-NEDZKFPWTLXKMZJLWKEF_Hancock_DELIM-NEDZKFPWTLXKMZJLWKEF_NY99_DELIM-NEDZKFPWTLXKMZJLWKEF_unknown_DELIM-NEDZKFPWTLXKMZJLWKEF_Bird-other                                                 6.64%    passed     99.97%
  22  KJ501267_DELIM-NEDZKFPWTLXKMZJLWKEF_2005_DELIM-NEDZKFPWTLXKMZJLWKEF_USA_DELIM-NEDZKFPWTLXKMZJLWKEF_NV_DELIM-NEDZKFPWTLXKMZJLWKEF_Pershing_DELIM-NEDZKFPWTLXKMZJLWKEF_WN02_DELIM-NEDZKFPWTLXKMZJLWKEF_unknown_DELIM-NEDZKFPWTLXKMZJLWKEF_Bird-other                                                6.62%    passed    100.00%
  23  HM756677_DELIM-NEDZKFPWTLXKMZJLWKEF_2005_DELIM-NEDZKFPWTLXKMZJLWKEF_USA_DELIM-NEDZKFPWTLXKMZJLWKEF_NM_DELIM-NEDZKFPWTLXKMZJLWKEF_Unknown_DELIM-NEDZKFPWTLXKMZJLWKEF_SW03_DELIM-NEDZKFPWTLXKMZJLWKEF_unknown_DELIM-NEDZKFPWTLXKMZJLWKEF_Bird-other                                                 6.62%    passed     99.99%
  24  KJ501458_DELIM-NEDZKFPWTLXKMZJLWKEF_2002_DELIM-NEDZKFPWTLXKMZJLWKEF_USA_DELIM-NEDZKFPWTLXKMZJLWKEF_MO_DELIM-NEDZKFPWTLXKMZJLWKEF_Unknown_DELIM-NEDZKFPWTLXKMZJLWKEF_WN02_DELIM-NEDZKFPWTLXKMZJLWKEF_unknown_DELIM-NEDZKFPWTLXKMZJLWKEF_Bird-other                                                 6.62%    passed     99.97%
  25  KJ501467_DELIM-NEDZKFPWTLXKMZJLWKEF_2002_DELIM-NEDZKFPWTLXKMZJLWKEF_USA_DELIM-NEDZKFPWTLXKMZJLWKEF_MI_DELIM-NEDZKFPWTLXKMZJLWKEF_Wayne_DELIM-NEDZKFPWTLXKMZJLWKEF_WN02_DELIM-NEDZKFPWTLXKMZJLWKEF_unknown_DELIM-NEDZKFPWTLXKMZJLWKEF_Bird-other                                                   6.63%    passed    100.00%
  26  KJ501494_DELIM-NEDZKFPWTLXKMZJLWKEF_2001_DELIM-NEDZKFPWTLXKMZJLWKEF_USA_DELIM-NEDZKFPWTLXKMZJLWKEF_DC_DELIM-NEDZKFPWTLXKMZJLWKEF_District-Of-Columbia_DELIM-NEDZKFPWTLXKMZJLWKEF_NY99_DELIM-NEDZKFPWTLXKMZJLWKEF_unknown_DELIM-NEDZKFPWTLXKMZJLWKEF_Bird-crow                                     6.70%    passed     99.85%
  27  KJ501504_DELIM-NEDZKFPWTLXKMZJLWKEF_2003_DELIM-NEDZKFPWTLXKMZJLWKEF_USA_DELIM-NEDZKFPWTLXKMZJLWKEF_ND_DELIM-NEDZKFPWTLXKMZJLWKEF_Burleigh_DELIM-NEDZKFPWTLXKMZJLWKEF_WN02_DELIM-NEDZKFPWTLXKMZJLWKEF_unknown_DELIM-NEDZKFPWTLXKMZJLWKEF_Bird-other                                                6.62%    passed     99.92%
  28  KJ501512_DELIM-NEDZKFPWTLXKMZJLWKEF_2001_DELIM-NEDZKFPWTLXKMZJLWKEF_USA_DELIM-NEDZKFPWTLXKMZJLWKEF_GA_DELIM-NEDZKFPWTLXKMZJLWKEF_Fulton_DELIM-NEDZKFPWTLXKMZJLWKEF_NY99_DELIM-NEDZKFPWTLXKMZJLWKEF_unknown_DELIM-NEDZKFPWTLXKMZJLWKEF_Bird-crow                                                   6.62%    passed    100.00%
  29  KJ501474_DELIM-NEDZKFPWTLXKMZJLWKEF_2002_DELIM-NEDZKFPWTLXKMZJLWKEF_USA_DELIM-NEDZKFPWTLXKMZJLWKEF_IA_DELIM-NEDZKFPWTLXKMZJLWKEF_Kossuth_DELIM-NEDZKFPWTLXKMZJLWKEF_WN02_DELIM-NEDZKFPWTLXKMZJLWKEF_unknown_DELIM-NEDZKFPWTLXKMZJLWKEF_Bird-other                                                10.35%    passed     99.68%
  30  KM012177_DELIM-NEDZKFPWTLXKMZJLWKEF_2012_DELIM-NEDZKFPWTLXKMZJLWKEF_USA_DELIM-NEDZKFPWTLXKMZJLWKEF_WY_DELIM-NEDZKFPWTLXKMZJLWKEF_Unknown_DELIM-NEDZKFPWTLXKMZJLWKEF_WN02_DELIM-NEDZKFPWTLXKMZJLWKEF_unknown_DELIM-NEDZKFPWTLXKMZJLWKEF_Human                                                      6.62%    passed     99.88%
  31  DQ431695_DELIM-NEDZKFPWTLXKMZJLWKEF_2003_DELIM-NEDZKFPWTLXKMZJLWKEF_USA_DELIM-NEDZKFPWTLXKMZJLWKEF_IL_DELIM-NEDZKFPWTLXKMZJLWKEF_Cook_DELIM-NEDZKFPWTLXKMZJLWKEF_WN02_DELIM-NEDZKFPWTLXKMZJLWKEF_unknown_DELIM-NEDZKFPWTLXKMZJLWKEF_Human                                                         6.62%    passed     99.91%
  32  KJ501338_DELIM-NEDZKFPWTLXKMZJLWKEF_2002_DELIM-NEDZKFPWTLXKMZJLWKEF_USA_DELIM-NEDZKFPWTLXKMZJLWKEF_AL_DELIM-NEDZKFPWTLXKMZJLWKEF_Unknown_DELIM-NEDZKFPWTLXKMZJLWKEF_WN02_DELIM-NEDZKFPWTLXKMZJLWKEF_unknown_DELIM-NEDZKFPWTLXKMZJLWKEF_Bird-other                                                 6.62%    passed     99.50%
  33  KJ501353_DELIM-NEDZKFPWTLXKMZJLWKEF_2003_DELIM-NEDZKFPWTLXKMZJLWKEF_USA_DELIM-NEDZKFPWTLXKMZJLWKEF_OK_DELIM-NEDZKFPWTLXKMZJLWKEF_Unknown_DELIM-NEDZKFPWTLXKMZJLWKEF_WN02_DELIM-NEDZKFPWTLXKMZJLWKEF_unknown_DELIM-NEDZKFPWTLXKMZJLWKEF_Bird-crow                                                  6.62%    passed     99.84%
  34  KJ501369_DELIM-NEDZKFPWTLXKMZJLWKEF_2002_DELIM-NEDZKFPWTLXKMZJLWKEF_USA_DELIM-NEDZKFPWTLXKMZJLWKEF_TN_DELIM-NEDZKFPWTLXKMZJLWKEF_Unknown_DELIM-NEDZKFPWTLXKMZJLWKEF_WN02_DELIM-NEDZKFPWTLXKMZJLWKEF_unknown_DELIM-NEDZKFPWTLXKMZJLWKEF_Bird-other                                                 6.62%    passed     99.87%
  35  KJ501372_DELIM-NEDZKFPWTLXKMZJLWKEF_2003_DELIM-NEDZKFPWTLXKMZJLWKEF_USA_DELIM-NEDZKFPWTLXKMZJLWKEF_FL_DELIM-NEDZKFPWTLXKMZJLWKEF_Seminole_DELIM-NEDZKFPWTLXKMZJLWKEF_WN02_DELIM-NEDZKFPWTLXKMZJLWKEF_unknown_DELIM-NEDZKFPWTLXKMZJLWKEF_Bird-other                                                6.62%    passed     99.86%
  36  KJ501375_DELIM-NEDZKFPWTLXKMZJLWKEF_2002_DELIM-NEDZKFPWTLXKMZJLWKEF_USA_DELIM-NEDZKFPWTLXKMZJLWKEF_NJ_DELIM-NEDZKFPWTLXKMZJLWKEF_Unknown_DELIM-NEDZKFPWTLXKMZJLWKEF_NY99_DELIM-NEDZKFPWTLXKMZJLWKEF_unknown_DELIM-NEDZKFPWTLXKMZJLWKEF_Bird-crow                                                  6.62%    passed     99.65%
  37  KJ501415_DELIM-NEDZKFPWTLXKMZJLWKEF_2006_DELIM-NEDZKFPWTLXKMZJLWKEF_USA_DELIM-NEDZKFPWTLXKMZJLWKEF_NC_DELIM-NEDZKFPWTLXKMZJLWKEF_Unknown_DELIM-NEDZKFPWTLXKMZJLWKEF_WN02_DELIM-NEDZKFPWTLXKMZJLWKEF_unknown_DELIM-NEDZKFPWTLXKMZJLWKEF_Bird-other                                                 6.62%    passed     99.95%
  38  JF488090_DELIM-NEDZKFPWTLXKMZJLWKEF_2004_DELIM-NEDZKFPWTLXKMZJLWKEF_USA_DELIM-NEDZKFPWTLXKMZJLWKEF_CT_DELIM-NEDZKFPWTLXKMZJLWKEF_Unknown_DELIM-NEDZKFPWTLXKMZJLWKEF_WN02_DELIM-NEDZKFPWTLXKMZJLWKEF_unknown_DELIM-NEDZKFPWTLXKMZJLWKEF_Mosquito-Culex                                             6.62%    passed     99.99%
  39  KJ501420_DELIM-NEDZKFPWTLXKMZJLWKEF_2004_DELIM-NEDZKFPWTLXKMZJLWKEF_USA_DELIM-NEDZKFPWTLXKMZJLWKEF_SD_DELIM-NEDZKFPWTLXKMZJLWKEF_Unknown_DELIM-NEDZKFPWTLXKMZJLWKEF_SW03_DELIM-NEDZKFPWTLXKMZJLWKEF_unknown_DELIM-NEDZKFPWTLXKMZJLWKEF_Bird-other                                                 6.62%    passed     99.93%
  40  KJ501483_DELIM-NEDZKFPWTLXKMZJLWKEF_2002_DELIM-NEDZKFPWTLXKMZJLWKEF_USA_DELIM-NEDZKFPWTLXKMZJLWKEF_NE_DELIM-NEDZKFPWTLXKMZJLWKEF_Unknown_DELIM-NEDZKFPWTLXKMZJLWKEF_WN02_DELIM-NEDZKFPWTLXKMZJLWKEF_unknown_DELIM-NEDZKFPWTLXKMZJLWKEF_Bird-other                                                 7.68%    passed     99.57%
  41  KJ501405_DELIM-NEDZKFPWTLXKMZJLWKEF_2006_DELIM-NEDZKFPWTLXKMZJLWKEF_USA_DELIM-NEDZKFPWTLXKMZJLWKEF_MN_DELIM-NEDZKFPWTLXKMZJLWKEF_Unknown_DELIM-NEDZKFPWTLXKMZJLWKEF_WN02_DELIM-NEDZKFPWTLXKMZJLWKEF_unknown_DELIM-NEDZKFPWTLXKMZJLWKEF_Bird-other                                                 6.62%    passed    100.00%
  42  KJ501386_DELIM-NEDZKFPWTLXKMZJLWKEF_2007_DELIM-NEDZKFPWTLXKMZJLWKEF_USA_DELIM-NEDZKFPWTLXKMZJLWKEF_MT_DELIM-NEDZKFPWTLXKMZJLWKEF_Phillips_DELIM-NEDZKFPWTLXKMZJLWKEF_WN02_DELIM-NEDZKFPWTLXKMZJLWKEF_unknown_DELIM-NEDZKFPWTLXKMZJLWKEF_Bird-other                                                6.62%    passed     99.88%
  43  JF957166_DELIM-NEDZKFPWTLXKMZJLWKEF_2006_DELIM-NEDZKFPWTLXKMZJLWKEF_USA_DELIM-NEDZKFPWTLXKMZJLWKEF_UT_DELIM-NEDZKFPWTLXKMZJLWKEF_Unknown_DELIM-NEDZKFPWTLXKMZJLWKEF_SW03_DELIM-NEDZKFPWTLXKMZJLWKEF_unknown_DELIM-NEDZKFPWTLXKMZJLWKEF_Human                                                      6.62%    passed     99.87%
  44  DQ666448_DELIM-NEDZKFPWTLXKMZJLWKEF_2004_DELIM-NEDZKFPWTLXKMZJLWKEF_USA_DELIM-NEDZKFPWTLXKMZJLWKEF_AZ_DELIM-NEDZKFPWTLXKMZJLWKEF_Yavapai_DELIM-NEDZKFPWTLXKMZJLWKEF_SW03_DELIM-NEDZKFPWTLXKMZJLWKEF_unknown_DELIM-NEDZKFPWTLXKMZJLWKEF_Human                                                      6.62%    passed     99.86%
  45  KJ501383_DELIM-NEDZKFPWTLXKMZJLWKEF_2002_DELIM-NEDZKFPWTLXKMZJLWKEF_USA_DELIM-NEDZKFPWTLXKMZJLWKEF_MS_DELIM-NEDZKFPWTLXKMZJLWKEF_Unknown_DELIM-NEDZKFPWTLXKMZJLWKEF_WN02_DELIM-NEDZKFPWTLXKMZJLWKEF_unknown_DELIM-NEDZKFPWTLXKMZJLWKEF_Bird-other                                                 6.62%    passed     99.97%
  46  KX547431_DELIM-NEDZKFPWTLXKMZJLWKEF_2006_DELIM-NEDZKFPWTLXKMZJLWKEF_USA_DELIM-NEDZKFPWTLXKMZJLWKEF_NY_DELIM-NEDZKFPWTLXKMZJLWKEF_Niagara_DELIM-NEDZKFPWTLXKMZJLWKEF_WN02_DELIM-NEDZKFPWTLXKMZJLWKEF_unknown_DELIM-NEDZKFPWTLXKMZJLWKEF_Mosquito-Culex                                             6.62%    passed     99.80%
  47  W0937_DELIM-NEDZKFPWTLXKMZJLWKEF_2014_DELIM-NEDZKFPWTLXKMZJLWKEF_USA_DELIM-NEDZKFPWTLXKMZJLWKEF_OR_DELIM-NEDZKFPWTLXKMZJLWKEF_Malheur_DELIM-NEDZKFPWTLXKMZJLWKEF_SW03_DELIM-NEDZKFPWTLXKMZJLWKEF_unknown_DELIM-NEDZKFPWTLXKMZJLWKEF_                                                              6.62%    passed     99.82%
  48  KJ501432_DELIM-NEDZKFPWTLXKMZJLWKEF_2012_DELIM-NEDZKFPWTLXKMZJLWKEF_USA_DELIM-NEDZKFPWTLXKMZJLWKEF_MA_DELIM-NEDZKFPWTLXKMZJLWKEF_Unknown_DELIM-NEDZKFPWTLXKMZJLWKEF_WN02_DELIM-NEDZKFPWTLXKMZJLWKEF_unknown_DELIM-NEDZKFPWTLXKMZJLWKEF_Bird-crow                                                  6.62%    passed     99.96%
  49  W594_DELIM-NEDZKFPWTLXKMZJLWKEF_2017_DELIM-NEDZKFPWTLXKMZJLWKEF_USA_DELIM-NEDZKFPWTLXKMZJLWKEF_CA_DELIM-NEDZKFPWTLXKMZJLWKEF_San-Diego_DELIM-NEDZKFPWTLXKMZJLWKEF_WN02_DELIM-NEDZKFPWTLXKMZJLWKEF_unknown_DELIM-NEDZKFPWTLXKMZJLWKEF_Bird-crow                                                    6.62%    passed     98.89%
  50  W0918_DELIM-NEDZKFPWTLXKMZJLWKEF_2013_DELIM-NEDZKFPWTLXKMZJLWKEF_US-Virgin-Islands_DELIM-NEDZKFPWTLXKMZJLWKEF_US-VI_DELIM-NEDZKFPWTLXKMZJLWKEF_Unknown_DELIM-NEDZKFPWTLXKMZJLWKEF_WN02_DELIM-NEDZKFPWTLXKMZJLWKEF_unknown_DELIM-NEDZKFPWTLXKMZJLWKEF_                                            17.30%    passed     97.52%
  51  W824_DELIM-NEDZKFPWTLXKMZJLWKEF_2018_DELIM-NEDZKFPWTLXKMZJLWKEF_USA_DELIM-NEDZKFPWTLXKMZJLWKEF_WA_DELIM-NEDZKFPWTLXKMZJLWKEF_Spokane_DELIM-NEDZKFPWTLXKMZJLWKEF_SW03_DELIM-NEDZKFPWTLXKMZJLWKEF_unknown_DELIM-NEDZKFPWTLXKMZJLWKEF_Mosquito-Culex                                                 6.62%    passed     99.67%
  52  W0927_DELIM-NEDZKFPWTLXKMZJLWKEF_2017_DELIM-NEDZKFPWTLXKMZJLWKEF_USA_DELIM-NEDZKFPWTLXKMZJLWKEF_ID_DELIM-NEDZKFPWTLXKMZJLWKEF_Unknown_DELIM-NEDZKFPWTLXKMZJLWKEF_SW03_DELIM-NEDZKFPWTLXKMZJLWKEF_unknown_DELIM-NEDZKFPWTLXKMZJLWKEF_                                                              6.62%    passed     97.26%
  53  W1339_DELIM-NEDZKFPWTLXKMZJLWKEF_2018_DELIM-NEDZKFPWTLXKMZJLWKEF_USA_DELIM-NEDZKFPWTLXKMZJLWKEF_LA_DELIM-NEDZKFPWTLXKMZJLWKEF_Sttammany_DELIM-NEDZKFPWTLXKMZJLWKEF_WN02_DELIM-NEDZKFPWTLXKMZJLWKEF_unknown_DELIM-NEDZKFPWTLXKMZJLWKEF_                                                           23.04%    passed     98.66%
  54  W0952_DELIM-NEDZKFPWTLXKMZJLWKEF_2015_DELIM-NEDZKFPWTLXKMZJLWKEF_USA_DELIM-NEDZKFPWTLXKMZJLWKEF_NH_DELIM-NEDZKFPWTLXKMZJLWKEF_Hillsborough_DELIM-NEDZKFPWTLXKMZJLWKEF_WN02_DELIM-NEDZKFPWTLXKMZJLWKEF_unknown_DELIM-NEDZKFPWTLXKMZJLWKEF_                                                        14.24%    passed     99.21%
  55  CSU6822_DELIM-NEDZKFPWTLXKMZJLWKEF_2014_DELIM-NEDZKFPWTLXKMZJLWKEF_USA_DELIM-NEDZKFPWTLXKMZJLWKEF_CO_DELIM-NEDZKFPWTLXKMZJLWKEF_Larimer_DELIM-NEDZKFPWTLXKMZJLWKEF_unknown_DELIM-NEDZKFPWTLXKMZJLWKEF_unknown_DELIM-NEDZKFPWTLXKMZJLWKEF_Mosquito-Culex                                           9.21%    passed     91.87%
****  TOTAL                                                                                                                                                                                                                                                                                             7.37%  0 sequences failed composition chi2 test (p-value<5%; df=3)
Checking for duplicate sequences: done in 0.000183821 secs using 81.06% CPU

Create initial parsimony tree by phylogenetic likelihood library (PLL)... 0.002 seconds

NOTE: 1 MB RAM (0 GB) is required!
Measuring multi-threading efficiency up to 1 CPU cores
Increase to 10 rounds for branch lengths
96 trees examined
Threads: 1 / Time: 1.006 sec / Speedup: 1.000 / Efficiency: 100% / LogL: -25577
Determining AUTO threadcount: done in 1.00602 secs using 99.63% CPU
BEST NUMBER OF THREADS: 1

Estimate model parameters (epsilon = 0.500)
1. Initial log-likelihood: -25971.674
2. Current log-likelihood: -24381.270
Optimal log-likelihood: -24381.244
Rate parameters:  A-C: 1.09856  A-G: 9.80532  A-T: 1.12288  C-G: 0.19126  C-T: 44.52627  G-T: 1.00000
Base frequencies:  A: 0.272  C: 0.223  G: 0.288  T: 0.216
Parameters optimization took 2 rounds (0.119 sec)
Wrote distance file to... 
Computing ML distances based on estimated model parameters...
Calculating distance matrix: done in 0.00592899 secs using 97.32% CPU
Computing ML distances took 0.006211 sec (of wall-clock time) 0.005892 sec (of CPU time)
Setting up auxiliary I and S matrices: done in 7.82013e-05 secs using 108.7% CPU
Constructing RapidNJ tree: done in 0.000215054 secs using 180.9% CPU
Computing RapidNJ tree took 0.000330 sec (of wall-clock time) 0.000526 sec (of CPU time)
Log-likelihood of RapidNJ tree: -21664.338
--------------------------------------------------------------------
|             INITIALIZING CANDIDATE TREE SET                      |
--------------------------------------------------------------------

Do NNI search on 2 best initial trees
Optimizing NNI: done in 0.0543079 secs using 158.4% CPU
Estimate model parameters (epsilon = 0.500)
BETTER TREE FOUND at iteration 1: -21627.516
Optimizing NNI: done in 0.317647 secs using 131.5% CPU
Finish initializing candidate tree set (4)
Current best tree score: -21627.516 / CPU time: 0.409
Number of iterations: 2
TREE SEARCH COMPLETED AFTER 2 ITERATIONS / Time: 0h:0m:1s

--------------------------------------------------------------------
|                    FINALIZING TREE SEARCH                        |
--------------------------------------------------------------------
Performs final model parameters optimization
Estimate model parameters (epsilon = 0.050)
1. Initial log-likelihood: -21627.516
2. Current log-likelihood: -21627.466
Optimal log-likelihood: -21627.461
Rate parameters:  A-C: 1.40700  A-G: 10.80779  A-T: 1.33778  C-G: 0.29202  C-T: 42.67344  G-T: 1.00000
Base frequencies:  A: 0.272  C: 0.223  G: 0.288  T: 0.216
Parameters optimization took 2 rounds (0.023 sec)
BEST SCORE FOUND : -21627.461
Total tree length: 0.096

Total number of iterations: 2
CPU time used for tree search: 0.570 sec (0h:0m:0s)
Wall-clock time used for tree search: 0.409 sec (0h:0m:0s)
Total CPU time used: 1.743 sec (0h:0m:1s)
Total wall-clock time used: 1.590 sec (0h:0m:1s)

Analysis results written to: 
  IQ-TREE report:                results/masked-delim.fasta.iqtree
  Maximum-likelihood tree:       results/masked-delim.fasta.treefile
  Likelihood distances:          results/masked-delim.fasta.mldist
  Screen log file:               results/masked-delim.fasta.log

Date and Time: Tue Sep 12 16:59:35 2023
